@!@!@STARTMSG 2262:0 @!@!@
TLC2 Version 2.16 of 31 December 2020 (rev: cdddf55)
@!@!@ENDMSG 2262 @!@!@
@!@!@STARTMSG 2187:0 @!@!@
Running breadth-first search Model-Checking with fp 61 and seed 6198168199036663006 with 4 workers on 8 cores with 901MB heap and 2024MB offheap memory [pid: 7248] (Windows 10 10.0 amd64, AdoptOpenJDK 14.0.1 x86_64, OffHeapDiskFPSet, DiskStateQueue).
@!@!@ENDMSG 2187 @!@!@
@!@!@STARTMSG 2220:0 @!@!@
Starting SANY...
@!@!@ENDMSG 2220 @!@!@
Parsing file C:\Users\parsa\Desktop\TLA-Course\ProjectRaft\raft.tla\raftModelPerf_switch.toolbox\Model_1\MC.tla
Parsing file C:\Users\parsa\Desktop\TLA-Course\ProjectRaft\raft.tla\raftModelPerf_switch.toolbox\Model_1\raftModelPerf.tla
Parsing file C:\Users\parsa\Downloads\toolbox\plugins\org.lamport.tlatools_1.0.0.202012311918\tla2sany\StandardModules\TLC.tla
Parsing file C:\Users\parsa\Desktop\TLA-Course\ProjectRaft\raft.tla\raftModelPerf_switch.toolbox\Model_1\raftSpec.tla
Parsing file C:\Users\parsa\Desktop\TLA-Course\ProjectRaft\raft.tla\raftModelPerf_switch.toolbox\Model_1\raftActionsSolution.tla
Parsing file C:\Users\parsa\Desktop\TLA-Course\ProjectRaft\raft.tla\raftModelPerf_switch.toolbox\Model_1\raftInit.tla
Parsing file C:\Users\parsa\Desktop\TLA-Course\ProjectRaft\raft.tla\raftModelPerf_switch.toolbox\Model_1\raftHelpers.tla
Parsing file C:\Users\parsa\Desktop\TLA-Course\ProjectRaft\raft.tla\raftModelPerf_switch.toolbox\Model_1\raftVariables.tla
Parsing file C:\Users\parsa\Desktop\TLA-Course\ProjectRaft\raft.tla\raftModelPerf_switch.toolbox\Model_1\raftConstants.tla
Parsing file C:\Users\parsa\Downloads\toolbox\plugins\org.lamport.tlatools_1.0.0.202012311918\tla2sany\StandardModules\Naturals.tla
Parsing file C:\Users\parsa\Downloads\toolbox\plugins\org.lamport.tlatools_1.0.0.202012311918\tla2sany\StandardModules\FiniteSets.tla
Parsing file C:\Users\parsa\Downloads\toolbox\plugins\org.lamport.tlatools_1.0.0.202012311918\tla2sany\StandardModules\Sequences.tla
Semantic processing of module Naturals
Semantic processing of module Sequences
Semantic processing of module FiniteSets
Semantic processing of module TLC
Semantic processing of module raftConstants
Semantic processing of module raftVariables
Semantic processing of module raftHelpers
Semantic processing of module raftInit
Semantic processing of module raftActionsSolution
Semantic processing of module raftSpec
Semantic processing of module raftModelPerf
Semantic processing of module MC
@!@!@STARTMSG 2219:0 @!@!@
SANY finished.
@!@!@ENDMSG 2219 @!@!@
@!@!@STARTMSG 2185:0 @!@!@
Starting... (2025-04-13 00:12:27)
@!@!@ENDMSG 2185 @!@!@
@!@!@STARTMSG 2189:0 @!@!@
Computing initial states...
@!@!@ENDMSG 2189 @!@!@
@!@!@STARTMSG 2190:0 @!@!@
Finished computing initial states: 1 distinct state generated at 2025-04-13 00:12:28.
@!@!@ENDMSG 2190 @!@!@
@!@!@STARTMSG 2200:0 @!@!@
Progress(14) at 2025-04-13 00:12:31: 24,358 states generated (24,358 s/min), 9,740 distinct states found (9,740 ds/min), 4,519 states left on queue.
@!@!@ENDMSG 2200 @!@!@
@!@!@STARTMSG 2110:1 @!@!@
Invariant LeaderCommitted is violated.
@!@!@ENDMSG 2110 @!@!@
@!@!@STARTMSG 2121:1 @!@!@
The behavior up to this point is:
@!@!@ENDMSG 2121 @!@!@
@!@!@STARTMSG 2217:4 @!@!@
1: <Initial predicate>
/\ pendingRequests = [r1 |-> {}, r2 |-> {}, r3 |-> {}]
/\ messages = << >>
/\ matchIndex = [ r1 |-> [r1 |-> 0, r2 |-> 0, r3 |-> 0],
  r2 |-> [r1 |-> 0, r2 |-> 0, r3 |-> 0],
  r3 |-> [r1 |-> 0, r2 |-> 0, r3 |-> 0] ]
/\ log = [r1 |-> <<>>, r2 |-> <<>>, r3 |-> <<>>]
/\ state = [r1 |-> Leader, r2 |-> Follower, r3 |-> Follower]
/\ leaderCount = [r1 |-> 1, r2 |-> 0, r3 |-> 0]
/\ entryCommitStats = << >>
/\ commitIndex = [r1 |-> 0, r2 |-> 0, r3 |-> 0]
/\ currentTerm = [r1 |-> 2, r2 |-> 2, r3 |-> 2]
/\ votesResponded = [r1 |-> {"r1"}, r2 |-> {}, r3 |-> {}]
/\ maxc = 0
/\ nextIndex = [ r1 |-> [r1 |-> 1, r2 |-> 1, r3 |-> 1],
  r2 |-> [r1 |-> 1, r2 |-> 1, r3 |-> 1],
  r3 |-> [r1 |-> 1, r2 |-> 1, r3 |-> 1] ]
/\ votesGranted = [r1 |-> {"r1"}, r2 |-> {}, r3 |-> {}]
/\ missingRequests = [r1 |-> {}, r2 |-> {}, r3 |-> {}]
/\ voterLog = [r1 |-> [r1 |-> <<>>], r2 |-> <<>>, r3 |-> <<>>]
/\ votedFor = [r1 |-> Nil, r2 |-> "r1", r3 |-> "r1"]

@!@!@ENDMSG 2217 @!@!@
@!@!@STARTMSG 2217:4 @!@!@
2: <ClientMulticast line 130, col 5 to line 134, col 67 of module raftActionsSolution>
/\ pendingRequests = [r1 |-> {"v2"}, r2 |-> {"v2"}, r3 |-> {"v2"}]
/\ messages = << >>
/\ matchIndex = [ r1 |-> [r1 |-> 0, r2 |-> 0, r3 |-> 0],
  r2 |-> [r1 |-> 0, r2 |-> 0, r3 |-> 0],
  r3 |-> [r1 |-> 0, r2 |-> 0, r3 |-> 0] ]
/\ log = [r1 |-> <<>>, r2 |-> <<>>, r3 |-> <<>>]
/\ state = [r1 |-> Leader, r2 |-> Follower, r3 |-> Follower]
/\ leaderCount = [r1 |-> 1, r2 |-> 0, r3 |-> 0]
/\ entryCommitStats = << >>
/\ commitIndex = [r1 |-> 0, r2 |-> 0, r3 |-> 0]
/\ currentTerm = [r1 |-> 2, r2 |-> 2, r3 |-> 2]
/\ votesResponded = [r1 |-> {"r1"}, r2 |-> {}, r3 |-> {}]
/\ maxc = 1
/\ nextIndex = [ r1 |-> [r1 |-> 1, r2 |-> 1, r3 |-> 1],
  r2 |-> [r1 |-> 1, r2 |-> 1, r3 |-> 1],
  r3 |-> [r1 |-> 1, r2 |-> 1, r3 |-> 1] ]
/\ votesGranted = [r1 |-> {"r1"}, r2 |-> {}, r3 |-> {}]
/\ missingRequests = [r1 |-> {}, r2 |-> {}, r3 |-> {}]
/\ voterLog = [r1 |-> [r1 |-> <<>>], r2 |-> <<>>, r3 |-> <<>>]
/\ votedFor = [r1 |-> Nil, r2 |-> "r1", r3 |-> "r1"]

@!@!@ENDMSG 2217 @!@!@
@!@!@STARTMSG 2217:4 @!@!@
3: <ClientMulticast line 130, col 5 to line 134, col 67 of module raftActionsSolution>
/\ pendingRequests = [r1 |-> {"v1", "v2"}, r2 |-> {"v1", "v2"}, r3 |-> {"v1", "v2"}]
/\ messages = << >>
/\ matchIndex = [ r1 |-> [r1 |-> 0, r2 |-> 0, r3 |-> 0],
  r2 |-> [r1 |-> 0, r2 |-> 0, r3 |-> 0],
  r3 |-> [r1 |-> 0, r2 |-> 0, r3 |-> 0] ]
/\ log = [r1 |-> <<>>, r2 |-> <<>>, r3 |-> <<>>]
/\ state = [r1 |-> Leader, r2 |-> Follower, r3 |-> Follower]
/\ leaderCount = [r1 |-> 1, r2 |-> 0, r3 |-> 0]
/\ entryCommitStats = << >>
/\ commitIndex = [r1 |-> 0, r2 |-> 0, r3 |-> 0]
/\ currentTerm = [r1 |-> 2, r2 |-> 2, r3 |-> 2]
/\ votesResponded = [r1 |-> {"r1"}, r2 |-> {}, r3 |-> {}]
/\ maxc = 2
/\ nextIndex = [ r1 |-> [r1 |-> 1, r2 |-> 1, r3 |-> 1],
  r2 |-> [r1 |-> 1, r2 |-> 1, r3 |-> 1],
  r3 |-> [r1 |-> 1, r2 |-> 1, r3 |-> 1] ]
/\ votesGranted = [r1 |-> {"r1"}, r2 |-> {}, r3 |-> {}]
/\ missingRequests = [r1 |-> {}, r2 |-> {}, r3 |-> {}]
/\ voterLog = [r1 |-> [r1 |-> <<>>], r2 |-> <<>>, r3 |-> <<>>]
/\ votedFor = [r1 |-> Nil, r2 |-> "r1", r3 |-> "r1"]

@!@!@ENDMSG 2217 @!@!@
@!@!@STARTMSG 2217:4 @!@!@
4: <LeaderOrderRequest line 141, col 5 to line 159, col 59 of module raftActionsSolution>
/\ pendingRequests = [r1 |-> {"v2"}, r2 |-> {"v1", "v2"}, r3 |-> {"v1", "v2"}]
/\ messages = << >>
/\ matchIndex = [ r1 |-> [r1 |-> 0, r2 |-> 0, r3 |-> 0],
  r2 |-> [r1 |-> 0, r2 |-> 0, r3 |-> 0],
  r3 |-> [r1 |-> 0, r2 |-> 0, r3 |-> 0] ]
/\ log = [r1 |-> <<[term |-> 2, value |-> "v1"]>>, r2 |-> <<>>, r3 |-> <<>>]
/\ state = [r1 |-> Leader, r2 |-> Follower, r3 |-> Follower]
/\ leaderCount = [r1 |-> 1, r2 |-> 0, r3 |-> 0]
/\ entryCommitStats = (<<1, 2>> :> [committed |-> FALSE, sentCount |-> 0, ackCount |-> 0])
/\ commitIndex = [r1 |-> 0, r2 |-> 0, r3 |-> 0]
/\ currentTerm = [r1 |-> 2, r2 |-> 2, r3 |-> 2]
/\ votesResponded = [r1 |-> {"r1"}, r2 |-> {}, r3 |-> {}]
/\ maxc = 2
/\ nextIndex = [ r1 |-> [r1 |-> 1, r2 |-> 1, r3 |-> 1],
  r2 |-> [r1 |-> 1, r2 |-> 1, r3 |-> 1],
  r3 |-> [r1 |-> 1, r2 |-> 1, r3 |-> 1] ]
/\ votesGranted = [r1 |-> {"r1"}, r2 |-> {}, r3 |-> {}]
/\ missingRequests = [r1 |-> {}, r2 |-> {}, r3 |-> {}]
/\ voterLog = [r1 |-> [r1 |-> <<>>], r2 |-> <<>>, r3 |-> <<>>]
/\ votedFor = [r1 |-> Nil, r2 |-> "r1", r3 |-> "r1"]

@!@!@ENDMSG 2217 @!@!@
@!@!@STARTMSG 2217:4 @!@!@
5: <LeaderOrderRequest line 141, col 5 to line 159, col 59 of module raftActionsSolution>
/\ pendingRequests = [r1 |-> {}, r2 |-> {"v1", "v2"}, r3 |-> {"v1", "v2"}]
/\ messages = << >>
/\ matchIndex = [ r1 |-> [r1 |-> 0, r2 |-> 0, r3 |-> 0],
  r2 |-> [r1 |-> 0, r2 |-> 0, r3 |-> 0],
  r3 |-> [r1 |-> 0, r2 |-> 0, r3 |-> 0] ]
/\ log = [ r1 |-> <<[term |-> 2, value |-> "v1"], [term |-> 2, value |-> "v2"]>>,
  r2 |-> <<>>,
  r3 |-> <<>> ]
/\ state = [r1 |-> Leader, r2 |-> Follower, r3 |-> Follower]
/\ leaderCount = [r1 |-> 1, r2 |-> 0, r3 |-> 0]
/\ entryCommitStats = ( <<1, 2>> :> [committed |-> FALSE, sentCount |-> 0, ackCount |-> 0] @@
  <<2, 2>> :> [committed |-> FALSE, sentCount |-> 0, ackCount |-> 0] )
/\ commitIndex = [r1 |-> 0, r2 |-> 0, r3 |-> 0]
/\ currentTerm = [r1 |-> 2, r2 |-> 2, r3 |-> 2]
/\ votesResponded = [r1 |-> {"r1"}, r2 |-> {}, r3 |-> {}]
/\ maxc = 2
/\ nextIndex = [ r1 |-> [r1 |-> 1, r2 |-> 1, r3 |-> 1],
  r2 |-> [r1 |-> 1, r2 |-> 1, r3 |-> 1],
  r3 |-> [r1 |-> 1, r2 |-> 1, r3 |-> 1] ]
/\ votesGranted = [r1 |-> {"r1"}, r2 |-> {}, r3 |-> {}]
/\ missingRequests = [r1 |-> {}, r2 |-> {}, r3 |-> {}]
/\ voterLog = [r1 |-> [r1 |-> <<>>], r2 |-> <<>>, r3 |-> <<>>]
/\ votedFor = [r1 |-> Nil, r2 |-> "r1", r3 |-> "r1"]

@!@!@ENDMSG 2217 @!@!@
@!@!@STARTMSG 2217:4 @!@!@
6: <MyNext line 64, col 35 to line 64, col 63 of module raftSpec>
/\ pendingRequests = [r1 |-> {}, r2 |-> {"v1", "v2"}, r3 |-> {"v1", "v2"}]
/\ messages = ( [ mdest |-> "r2",
    msource |-> "r1",
    mtype |-> AppendEntriesRequest,
    mterm |-> 2,
    mlog |-> <<[term |-> 2, value |-> "v1"], [term |-> 2, value |-> "v2"]>>,
    mprevLogIndex |-> 0,
    mprevLogTerm |-> 0,
    mentries |-> <<[term |-> 2, value |-> "v1"]>>,
    mcommitIndex |-> 0 ] :>
      1 )
/\ matchIndex = [ r1 |-> [r1 |-> 0, r2 |-> 0, r3 |-> 0],
  r2 |-> [r1 |-> 0, r2 |-> 0, r3 |-> 0],
  r3 |-> [r1 |-> 0, r2 |-> 0, r3 |-> 0] ]
/\ log = [ r1 |-> <<[term |-> 2, value |-> "v1"], [term |-> 2, value |-> "v2"]>>,
  r2 |-> <<>>,
  r3 |-> <<>> ]
/\ state = [r1 |-> Leader, r2 |-> Follower, r3 |-> Follower]
/\ leaderCount = [r1 |-> 1, r2 |-> 0, r3 |-> 0]
/\ entryCommitStats = ( <<1, 2>> :> [committed |-> FALSE, sentCount |-> 1, ackCount |-> 0] @@
  <<2, 2>> :> [committed |-> FALSE, sentCount |-> 0, ackCount |-> 0] )
/\ commitIndex = [r1 |-> 0, r2 |-> 0, r3 |-> 0]
/\ currentTerm = [r1 |-> 2, r2 |-> 2, r3 |-> 2]
/\ votesResponded = [r1 |-> {"r1"}, r2 |-> {}, r3 |-> {}]
/\ maxc = 2
/\ nextIndex = [ r1 |-> [r1 |-> 1, r2 |-> 1, r3 |-> 1],
  r2 |-> [r1 |-> 1, r2 |-> 1, r3 |-> 1],
  r3 |-> [r1 |-> 1, r2 |-> 1, r3 |-> 1] ]
/\ votesGranted = [r1 |-> {"r1"}, r2 |-> {}, r3 |-> {}]
/\ missingRequests = [r1 |-> {}, r2 |-> {}, r3 |-> {}]
/\ voterLog = [r1 |-> [r1 |-> <<>>], r2 |-> <<>>, r3 |-> <<>>]
/\ votedFor = [r1 |-> Nil, r2 |-> "r1", r3 |-> "r1"]

@!@!@ENDMSG 2217 @!@!@
@!@!@STARTMSG 2217:4 @!@!@
7: <MyNext line 64, col 35 to line 64, col 63 of module raftSpec>
/\ pendingRequests = [r1 |-> {}, r2 |-> {"v1", "v2"}, r3 |-> {"v1", "v2"}]
/\ messages = ( [ mdest |-> "r2",
    msource |-> "r1",
    mtype |-> AppendEntriesRequest,
    mterm |-> 2,
    mlog |-> <<[term |-> 2, value |-> "v1"], [term |-> 2, value |-> "v2"]>>,
    mprevLogIndex |-> 0,
    mprevLogTerm |-> 0,
    mentries |-> <<[term |-> 2, value |-> "v1"]>>,
    mcommitIndex |-> 0 ] :>
      1 @@
  [ mdest |-> "r3",
    msource |-> "r1",
    mtype |-> AppendEntriesRequest,
    mterm |-> 2,
    mlog |-> <<[term |-> 2, value |-> "v1"], [term |-> 2, value |-> "v2"]>>,
    mprevLogIndex |-> 0,
    mprevLogTerm |-> 0,
    mentries |-> <<[term |-> 2, value |-> "v1"]>>,
    mcommitIndex |-> 0 ] :>
      1 )
/\ matchIndex = [ r1 |-> [r1 |-> 0, r2 |-> 0, r3 |-> 0],
  r2 |-> [r1 |-> 0, r2 |-> 0, r3 |-> 0],
  r3 |-> [r1 |-> 0, r2 |-> 0, r3 |-> 0] ]
/\ log = [ r1 |-> <<[term |-> 2, value |-> "v1"], [term |-> 2, value |-> "v2"]>>,
  r2 |-> <<>>,
  r3 |-> <<>> ]
/\ state = [r1 |-> Leader, r2 |-> Follower, r3 |-> Follower]
/\ leaderCount = [r1 |-> 1, r2 |-> 0, r3 |-> 0]
/\ entryCommitStats = ( <<1, 2>> :> [committed |-> FALSE, sentCount |-> 2, ackCount |-> 0] @@
  <<2, 2>> :> [committed |-> FALSE, sentCount |-> 0, ackCount |-> 0] )
/\ commitIndex = [r1 |-> 0, r2 |-> 0, r3 |-> 0]
/\ currentTerm = [r1 |-> 2, r2 |-> 2, r3 |-> 2]
/\ votesResponded = [r1 |-> {"r1"}, r2 |-> {}, r3 |-> {}]
/\ maxc = 2
/\ nextIndex = [ r1 |-> [r1 |-> 1, r2 |-> 1, r3 |-> 1],
  r2 |-> [r1 |-> 1, r2 |-> 1, r3 |-> 1],
  r3 |-> [r1 |-> 1, r2 |-> 1, r3 |-> 1] ]
/\ votesGranted = [r1 |-> {"r1"}, r2 |-> {}, r3 |-> {}]
/\ missingRequests = [r1 |-> {}, r2 |-> {}, r3 |-> {}]
/\ voterLog = [r1 |-> [r1 |-> <<>>], r2 |-> <<>>, r3 |-> <<>>]
/\ votedFor = [r1 |-> Nil, r2 |-> "r1", r3 |-> "r1"]

@!@!@ENDMSG 2217 @!@!@
@!@!@STARTMSG 2217:4 @!@!@
8: <MyNext line 65, col 15 to line 67, col 86 of module raftSpec>
/\ pendingRequests = [r1 |-> {}, r2 |-> {"v2"}, r3 |-> {"v1", "v2"}]
/\ messages = ( [ mdest |-> "r1",
    msource |-> "r2",
    mtype |-> AppendEntriesResponse,
    mterm |-> 2,
    msuccess |-> TRUE,
    mmatchIndex |-> 1 ] :>
      1 @@
  [ mdest |-> "r2",
    msource |-> "r1",
    mtype |-> AppendEntriesRequest,
    mterm |-> 2,
    mlog |-> <<[term |-> 2, value |-> "v1"], [term |-> 2, value |-> "v2"]>>,
    mprevLogIndex |-> 0,
    mprevLogTerm |-> 0,
    mentries |-> <<[term |-> 2, value |-> "v1"]>>,
    mcommitIndex |-> 0 ] :>
      0 @@
  [ mdest |-> "r3",
    msource |-> "r1",
    mtype |-> AppendEntriesRequest,
    mterm |-> 2,
    mlog |-> <<[term |-> 2, value |-> "v1"], [term |-> 2, value |-> "v2"]>>,
    mprevLogIndex |-> 0,
    mprevLogTerm |-> 0,
    mentries |-> <<[term |-> 2, value |-> "v1"]>>,
    mcommitIndex |-> 0 ] :>
      1 )
/\ matchIndex = [ r1 |-> [r1 |-> 0, r2 |-> 0, r3 |-> 0],
  r2 |-> [r1 |-> 0, r2 |-> 0, r3 |-> 0],
  r3 |-> [r1 |-> 0, r2 |-> 0, r3 |-> 0] ]
/\ log = [ r1 |-> <<[term |-> 2, value |-> "v1"], [term |-> 2, value |-> "v2"]>>,
  r2 |-> <<[term |-> 2, value |-> "v1"]>>,
  r3 |-> <<>> ]
/\ state = [r1 |-> Leader, r2 |-> Follower, r3 |-> Follower]
/\ leaderCount = [r1 |-> 1, r2 |-> 0, r3 |-> 0]
/\ entryCommitStats = ( <<1, 2>> :> [committed |-> FALSE, sentCount |-> 2, ackCount |-> 0] @@
  <<2, 2>> :> [committed |-> FALSE, sentCount |-> 0, ackCount |-> 0] )
/\ commitIndex = [r1 |-> 0, r2 |-> 0, r3 |-> 0]
/\ currentTerm = [r1 |-> 2, r2 |-> 2, r3 |-> 2]
/\ votesResponded = [r1 |-> {"r1"}, r2 |-> {}, r3 |-> {}]
/\ maxc = 2
/\ nextIndex = [ r1 |-> [r1 |-> 1, r2 |-> 1, r3 |-> 1],
  r2 |-> [r1 |-> 1, r2 |-> 1, r3 |-> 1],
  r3 |-> [r1 |-> 1, r2 |-> 1, r3 |-> 1] ]
/\ votesGranted = [r1 |-> {"r1"}, r2 |-> {}, r3 |-> {}]
/\ missingRequests = [r1 |-> {}, r2 |-> {}, r3 |-> {}]
/\ voterLog = [r1 |-> [r1 |-> <<>>], r2 |-> <<>>, r3 |-> <<>>]
/\ votedFor = [r1 |-> Nil, r2 |-> "r1", r3 |-> "r1"]

@!@!@ENDMSG 2217 @!@!@
@!@!@STARTMSG 2217:4 @!@!@
9: <MyNext line 65, col 15 to line 67, col 86 of module raftSpec>
/\ pendingRequests = [r1 |-> {}, r2 |-> {"v2"}, r3 |-> {"v1", "v2"}]
/\ messages = ( [ mdest |-> "r1",
    msource |-> "r2",
    mtype |-> AppendEntriesResponse,
    mterm |-> 2,
    msuccess |-> TRUE,
    mmatchIndex |-> 1 ] :>
      0 @@
  [ mdest |-> "r2",
    msource |-> "r1",
    mtype |-> AppendEntriesRequest,
    mterm |-> 2,
    mlog |-> <<[term |-> 2, value |-> "v1"], [term |-> 2, value |-> "v2"]>>,
    mprevLogIndex |-> 0,
    mprevLogTerm |-> 0,
    mentries |-> <<[term |-> 2, value |-> "v1"]>>,
    mcommitIndex |-> 0 ] :>
      0 @@
  [ mdest |-> "r3",
    msource |-> "r1",
    mtype |-> AppendEntriesRequest,
    mterm |-> 2,
    mlog |-> <<[term |-> 2, value |-> "v1"], [term |-> 2, value |-> "v2"]>>,
    mprevLogIndex |-> 0,
    mprevLogTerm |-> 0,
    mentries |-> <<[term |-> 2, value |-> "v1"]>>,
    mcommitIndex |-> 0 ] :>
      1 )
/\ matchIndex = [ r1 |-> [r1 |-> 0, r2 |-> 1, r3 |-> 0],
  r2 |-> [r1 |-> 0, r2 |-> 0, r3 |-> 0],
  r3 |-> [r1 |-> 0, r2 |-> 0, r3 |-> 0] ]
/\ log = [ r1 |-> <<[term |-> 2, value |-> "v1"], [term |-> 2, value |-> "v2"]>>,
  r2 |-> <<[term |-> 2, value |-> "v1"]>>,
  r3 |-> <<>> ]
/\ state = [r1 |-> Leader, r2 |-> Follower, r3 |-> Follower]
/\ leaderCount = [r1 |-> 1, r2 |-> 0, r3 |-> 0]
/\ entryCommitStats = ( <<1, 2>> :> [committed |-> FALSE, sentCount |-> 2, ackCount |-> 1] @@
  <<2, 2>> :> [committed |-> FALSE, sentCount |-> 0, ackCount |-> 0] )
/\ commitIndex = [r1 |-> 0, r2 |-> 0, r3 |-> 0]
/\ currentTerm = [r1 |-> 2, r2 |-> 2, r3 |-> 2]
/\ votesResponded = [r1 |-> {"r1"}, r2 |-> {}, r3 |-> {}]
/\ maxc = 2
/\ nextIndex = [ r1 |-> [r1 |-> 1, r2 |-> 2, r3 |-> 1],
  r2 |-> [r1 |-> 1, r2 |-> 1, r3 |-> 1],
  r3 |-> [r1 |-> 1, r2 |-> 1, r3 |-> 1] ]
/\ votesGranted = [r1 |-> {"r1"}, r2 |-> {}, r3 |-> {}]
/\ missingRequests = [r1 |-> {}, r2 |-> {}, r3 |-> {}]
/\ voterLog = [r1 |-> [r1 |-> <<>>], r2 |-> <<>>, r3 |-> <<>>]
/\ votedFor = [r1 |-> Nil, r2 |-> "r1", r3 |-> "r1"]

@!@!@ENDMSG 2217 @!@!@
@!@!@STARTMSG 2217:4 @!@!@
10: <AdvanceCommitIndex line 391, col 5 to line 417, col 126 of module raftActionsSolution>
/\ pendingRequests = [r1 |-> {}, r2 |-> {"v2"}, r3 |-> {"v1", "v2"}]
/\ messages = ( [ mdest |-> "r1",
    msource |-> "r2",
    mtype |-> AppendEntriesResponse,
    mterm |-> 2,
    msuccess |-> TRUE,
    mmatchIndex |-> 1 ] :>
      0 @@
  [ mdest |-> "r2",
    msource |-> "r1",
    mtype |-> AppendEntriesRequest,
    mterm |-> 2,
    mlog |-> <<[term |-> 2, value |-> "v1"], [term |-> 2, value |-> "v2"]>>,
    mprevLogIndex |-> 0,
    mprevLogTerm |-> 0,
    mentries |-> <<[term |-> 2, value |-> "v1"]>>,
    mcommitIndex |-> 0 ] :>
      0 @@
  [ mdest |-> "r3",
    msource |-> "r1",
    mtype |-> AppendEntriesRequest,
    mterm |-> 2,
    mlog |-> <<[term |-> 2, value |-> "v1"], [term |-> 2, value |-> "v2"]>>,
    mprevLogIndex |-> 0,
    mprevLogTerm |-> 0,
    mentries |-> <<[term |-> 2, value |-> "v1"]>>,
    mcommitIndex |-> 0 ] :>
      1 )
/\ matchIndex = [ r1 |-> [r1 |-> 0, r2 |-> 1, r3 |-> 0],
  r2 |-> [r1 |-> 0, r2 |-> 0, r3 |-> 0],
  r3 |-> [r1 |-> 0, r2 |-> 0, r3 |-> 0] ]
/\ log = [ r1 |-> <<[term |-> 2, value |-> "v1"], [term |-> 2, value |-> "v2"]>>,
  r2 |-> <<[term |-> 2, value |-> "v1"]>>,
  r3 |-> <<>> ]
/\ state = [r1 |-> Leader, r2 |-> Follower, r3 |-> Follower]
/\ leaderCount = [r1 |-> 1, r2 |-> 0, r3 |-> 0]
/\ entryCommitStats = ( <<1, 2>> :> [committed |-> TRUE, sentCount |-> 2, ackCount |-> 1] @@
  <<2, 2>> :> [committed |-> FALSE, sentCount |-> 0, ackCount |-> 0] )
/\ commitIndex = [r1 |-> 1, r2 |-> 0, r3 |-> 0]
/\ currentTerm = [r1 |-> 2, r2 |-> 2, r3 |-> 2]
/\ votesResponded = [r1 |-> {"r1"}, r2 |-> {}, r3 |-> {}]
/\ maxc = 2
/\ nextIndex = [ r1 |-> [r1 |-> 1, r2 |-> 2, r3 |-> 1],
  r2 |-> [r1 |-> 1, r2 |-> 1, r3 |-> 1],
  r3 |-> [r1 |-> 1, r2 |-> 1, r3 |-> 1] ]
/\ votesGranted = [r1 |-> {"r1"}, r2 |-> {}, r3 |-> {}]
/\ missingRequests = [r1 |-> {}, r2 |-> {}, r3 |-> {}]
/\ voterLog = [r1 |-> [r1 |-> <<>>], r2 |-> <<>>, r3 |-> <<>>]
/\ votedFor = [r1 |-> Nil, r2 |-> "r1", r3 |-> "r1"]

@!@!@ENDMSG 2217 @!@!@
@!@!@STARTMSG 2217:4 @!@!@
11: <MyNext line 64, col 35 to line 64, col 63 of module raftSpec>
/\ pendingRequests = [r1 |-> {}, r2 |-> {"v2"}, r3 |-> {"v1", "v2"}]
/\ messages = ( [ mdest |-> "r1",
    msource |-> "r2",
    mtype |-> AppendEntriesResponse,
    mterm |-> 2,
    msuccess |-> TRUE,
    mmatchIndex |-> 1 ] :>
      0 @@
  [ mdest |-> "r2",
    msource |-> "r1",
    mtype |-> AppendEntriesRequest,
    mterm |-> 2,
    mlog |-> <<[term |-> 2, value |-> "v1"], [term |-> 2, value |-> "v2"]>>,
    mprevLogIndex |-> 0,
    mprevLogTerm |-> 0,
    mentries |-> <<[term |-> 2, value |-> "v1"]>>,
    mcommitIndex |-> 0 ] :>
      0 @@
  [ mdest |-> "r2",
    msource |-> "r1",
    mtype |-> AppendEntriesRequest,
    mterm |-> 2,
    mlog |-> <<[term |-> 2, value |-> "v1"], [term |-> 2, value |-> "v2"]>>,
    mprevLogIndex |-> 1,
    mprevLogTerm |-> 2,
    mentries |-> <<[term |-> 2, value |-> "v2"]>>,
    mcommitIndex |-> 1 ] :>
      1 @@
  [ mdest |-> "r3",
    msource |-> "r1",
    mtype |-> AppendEntriesRequest,
    mterm |-> 2,
    mlog |-> <<[term |-> 2, value |-> "v1"], [term |-> 2, value |-> "v2"]>>,
    mprevLogIndex |-> 0,
    mprevLogTerm |-> 0,
    mentries |-> <<[term |-> 2, value |-> "v1"]>>,
    mcommitIndex |-> 0 ] :>
      1 )
/\ matchIndex = [ r1 |-> [r1 |-> 0, r2 |-> 1, r3 |-> 0],
  r2 |-> [r1 |-> 0, r2 |-> 0, r3 |-> 0],
  r3 |-> [r1 |-> 0, r2 |-> 0, r3 |-> 0] ]
/\ log = [ r1 |-> <<[term |-> 2, value |-> "v1"], [term |-> 2, value |-> "v2"]>>,
  r2 |-> <<[term |-> 2, value |-> "v1"]>>,
  r3 |-> <<>> ]
/\ state = [r1 |-> Leader, r2 |-> Follower, r3 |-> Follower]
/\ leaderCount = [r1 |-> 1, r2 |-> 0, r3 |-> 0]
/\ entryCommitStats = ( <<1, 2>> :> [committed |-> TRUE, sentCount |-> 2, ackCount |-> 1] @@
  <<2, 2>> :> [committed |-> FALSE, sentCount |-> 1, ackCount |-> 0] )
/\ commitIndex = [r1 |-> 1, r2 |-> 0, r3 |-> 0]
/\ currentTerm = [r1 |-> 2, r2 |-> 2, r3 |-> 2]
/\ votesResponded = [r1 |-> {"r1"}, r2 |-> {}, r3 |-> {}]
/\ maxc = 2
/\ nextIndex = [ r1 |-> [r1 |-> 1, r2 |-> 2, r3 |-> 1],
  r2 |-> [r1 |-> 1, r2 |-> 1, r3 |-> 1],
  r3 |-> [r1 |-> 1, r2 |-> 1, r3 |-> 1] ]
/\ votesGranted = [r1 |-> {"r1"}, r2 |-> {}, r3 |-> {}]
/\ missingRequests = [r1 |-> {}, r2 |-> {}, r3 |-> {}]
/\ voterLog = [r1 |-> [r1 |-> <<>>], r2 |-> <<>>, r3 |-> <<>>]
/\ votedFor = [r1 |-> Nil, r2 |-> "r1", r3 |-> "r1"]

@!@!@ENDMSG 2217 @!@!@
@!@!@STARTMSG 2217:4 @!@!@
12: <MyNext line 65, col 15 to line 67, col 86 of module raftSpec>
/\ pendingRequests = [r1 |-> {}, r2 |-> {"v2"}, r3 |-> {"v2"}]
/\ messages = ( [ mdest |-> "r1",
    msource |-> "r2",
    mtype |-> AppendEntriesResponse,
    mterm |-> 2,
    msuccess |-> TRUE,
    mmatchIndex |-> 1 ] :>
      0 @@
  [ mdest |-> "r1",
    msource |-> "r3",
    mtype |-> AppendEntriesResponse,
    mterm |-> 2,
    msuccess |-> TRUE,
    mmatchIndex |-> 1 ] :>
      1 @@
  [ mdest |-> "r2",
    msource |-> "r1",
    mtype |-> AppendEntriesRequest,
    mterm |-> 2,
    mlog |-> <<[term |-> 2, value |-> "v1"], [term |-> 2, value |-> "v2"]>>,
    mprevLogIndex |-> 0,
    mprevLogTerm |-> 0,
    mentries |-> <<[term |-> 2, value |-> "v1"]>>,
    mcommitIndex |-> 0 ] :>
      0 @@
  [ mdest |-> "r2",
    msource |-> "r1",
    mtype |-> AppendEntriesRequest,
    mterm |-> 2,
    mlog |-> <<[term |-> 2, value |-> "v1"], [term |-> 2, value |-> "v2"]>>,
    mprevLogIndex |-> 1,
    mprevLogTerm |-> 2,
    mentries |-> <<[term |-> 2, value |-> "v2"]>>,
    mcommitIndex |-> 1 ] :>
      1 @@
  [ mdest |-> "r3",
    msource |-> "r1",
    mtype |-> AppendEntriesRequest,
    mterm |-> 2,
    mlog |-> <<[term |-> 2, value |-> "v1"], [term |-> 2, value |-> "v2"]>>,
    mprevLogIndex |-> 0,
    mprevLogTerm |-> 0,
    mentries |-> <<[term |-> 2, value |-> "v1"]>>,
    mcommitIndex |-> 0 ] :>
      0 )
/\ matchIndex = [ r1 |-> [r1 |-> 0, r2 |-> 1, r3 |-> 0],
  r2 |-> [r1 |-> 0, r2 |-> 0, r3 |-> 0],
  r3 |-> [r1 |-> 0, r2 |-> 0, r3 |-> 0] ]
/\ log = [ r1 |-> <<[term |-> 2, value |-> "v1"], [term |-> 2, value |-> "v2"]>>,
  r2 |-> <<[term |-> 2, value |-> "v1"]>>,
  r3 |-> <<[term |-> 2, value |-> "v1"]>> ]
/\ state = [r1 |-> Leader, r2 |-> Follower, r3 |-> Follower]
/\ leaderCount = [r1 |-> 1, r2 |-> 0, r3 |-> 0]
/\ entryCommitStats = ( <<1, 2>> :> [committed |-> TRUE, sentCount |-> 2, ackCount |-> 1] @@
  <<2, 2>> :> [committed |-> FALSE, sentCount |-> 1, ackCount |-> 0] )
/\ commitIndex = [r1 |-> 1, r2 |-> 0, r3 |-> 0]
/\ currentTerm = [r1 |-> 2, r2 |-> 2, r3 |-> 2]
/\ votesResponded = [r1 |-> {"r1"}, r2 |-> {}, r3 |-> {}]
/\ maxc = 2
/\ nextIndex = [ r1 |-> [r1 |-> 1, r2 |-> 2, r3 |-> 1],
  r2 |-> [r1 |-> 1, r2 |-> 1, r3 |-> 1],
  r3 |-> [r1 |-> 1, r2 |-> 1, r3 |-> 1] ]
/\ votesGranted = [r1 |-> {"r1"}, r2 |-> {}, r3 |-> {}]
/\ missingRequests = [r1 |-> {}, r2 |-> {}, r3 |-> {}]
/\ voterLog = [r1 |-> [r1 |-> <<>>], r2 |-> <<>>, r3 |-> <<>>]
/\ votedFor = [r1 |-> Nil, r2 |-> "r1", r3 |-> "r1"]

@!@!@ENDMSG 2217 @!@!@
@!@!@STARTMSG 2217:4 @!@!@
13: <MyNext line 65, col 15 to line 67, col 86 of module raftSpec>
/\ pendingRequests = [r1 |-> {}, r2 |-> {"v2"}, r3 |-> {"v2"}]
/\ messages = ( [ mdest |-> "r1",
    msource |-> "r2",
    mtype |-> AppendEntriesResponse,
    mterm |-> 2,
    msuccess |-> TRUE,
    mmatchIndex |-> 1 ] :>
      0 @@
  [ mdest |-> "r1",
    msource |-> "r3",
    mtype |-> AppendEntriesResponse,
    mterm |-> 2,
    msuccess |-> TRUE,
    mmatchIndex |-> 1 ] :>
      0 @@
  [ mdest |-> "r2",
    msource |-> "r1",
    mtype |-> AppendEntriesRequest,
    mterm |-> 2,
    mlog |-> <<[term |-> 2, value |-> "v1"], [term |-> 2, value |-> "v2"]>>,
    mprevLogIndex |-> 0,
    mprevLogTerm |-> 0,
    mentries |-> <<[term |-> 2, value |-> "v1"]>>,
    mcommitIndex |-> 0 ] :>
      0 @@
  [ mdest |-> "r2",
    msource |-> "r1",
    mtype |-> AppendEntriesRequest,
    mterm |-> 2,
    mlog |-> <<[term |-> 2, value |-> "v1"], [term |-> 2, value |-> "v2"]>>,
    mprevLogIndex |-> 1,
    mprevLogTerm |-> 2,
    mentries |-> <<[term |-> 2, value |-> "v2"]>>,
    mcommitIndex |-> 1 ] :>
      1 @@
  [ mdest |-> "r3",
    msource |-> "r1",
    mtype |-> AppendEntriesRequest,
    mterm |-> 2,
    mlog |-> <<[term |-> 2, value |-> "v1"], [term |-> 2, value |-> "v2"]>>,
    mprevLogIndex |-> 0,
    mprevLogTerm |-> 0,
    mentries |-> <<[term |-> 2, value |-> "v1"]>>,
    mcommitIndex |-> 0 ] :>
      0 )
/\ matchIndex = [ r1 |-> [r1 |-> 0, r2 |-> 1, r3 |-> 1],
  r2 |-> [r1 |-> 0, r2 |-> 0, r3 |-> 0],
  r3 |-> [r1 |-> 0, r2 |-> 0, r3 |-> 0] ]
/\ log = [ r1 |-> <<[term |-> 2, value |-> "v1"], [term |-> 2, value |-> "v2"]>>,
  r2 |-> <<[term |-> 2, value |-> "v1"]>>,
  r3 |-> <<[term |-> 2, value |-> "v1"]>> ]
/\ state = [r1 |-> Leader, r2 |-> Follower, r3 |-> Follower]
/\ leaderCount = [r1 |-> 1, r2 |-> 0, r3 |-> 0]
/\ entryCommitStats = ( <<1, 2>> :> [committed |-> TRUE, sentCount |-> 2, ackCount |-> 1] @@
  <<2, 2>> :> [committed |-> FALSE, sentCount |-> 1, ackCount |-> 0] )
/\ commitIndex = [r1 |-> 1, r2 |-> 0, r3 |-> 0]
/\ currentTerm = [r1 |-> 2, r2 |-> 2, r3 |-> 2]
/\ votesResponded = [r1 |-> {"r1"}, r2 |-> {}, r3 |-> {}]
/\ maxc = 2
/\ nextIndex = [ r1 |-> [r1 |-> 1, r2 |-> 2, r3 |-> 2],
  r2 |-> [r1 |-> 1, r2 |-> 1, r3 |-> 1],
  r3 |-> [r1 |-> 1, r2 |-> 1, r3 |-> 1] ]
/\ votesGranted = [r1 |-> {"r1"}, r2 |-> {}, r3 |-> {}]
/\ missingRequests = [r1 |-> {}, r2 |-> {}, r3 |-> {}]
/\ voterLog = [r1 |-> [r1 |-> <<>>], r2 |-> <<>>, r3 |-> <<>>]
/\ votedFor = [r1 |-> Nil, r2 |-> "r1", r3 |-> "r1"]

@!@!@ENDMSG 2217 @!@!@
@!@!@STARTMSG 2217:4 @!@!@
14: <MyNext line 64, col 35 to line 64, col 63 of module raftSpec>
/\ pendingRequests = [r1 |-> {}, r2 |-> {"v2"}, r3 |-> {"v2"}]
/\ messages = ( [ mdest |-> "r1",
    msource |-> "r2",
    mtype |-> AppendEntriesResponse,
    mterm |-> 2,
    msuccess |-> TRUE,
    mmatchIndex |-> 1 ] :>
      0 @@
  [ mdest |-> "r1",
    msource |-> "r3",
    mtype |-> AppendEntriesResponse,
    mterm |-> 2,
    msuccess |-> TRUE,
    mmatchIndex |-> 1 ] :>
      0 @@
  [ mdest |-> "r2",
    msource |-> "r1",
    mtype |-> AppendEntriesRequest,
    mterm |-> 2,
    mlog |-> <<[term |-> 2, value |-> "v1"], [term |-> 2, value |-> "v2"]>>,
    mprevLogIndex |-> 0,
    mprevLogTerm |-> 0,
    mentries |-> <<[term |-> 2, value |-> "v1"]>>,
    mcommitIndex |-> 0 ] :>
      0 @@
  [ mdest |-> "r2",
    msource |-> "r1",
    mtype |-> AppendEntriesRequest,
    mterm |-> 2,
    mlog |-> <<[term |-> 2, value |-> "v1"], [term |-> 2, value |-> "v2"]>>,
    mprevLogIndex |-> 1,
    mprevLogTerm |-> 2,
    mentries |-> <<[term |-> 2, value |-> "v2"]>>,
    mcommitIndex |-> 1 ] :>
      1 @@
  [ mdest |-> "r3",
    msource |-> "r1",
    mtype |-> AppendEntriesRequest,
    mterm |-> 2,
    mlog |-> <<[term |-> 2, value |-> "v1"], [term |-> 2, value |-> "v2"]>>,
    mprevLogIndex |-> 0,
    mprevLogTerm |-> 0,
    mentries |-> <<[term |-> 2, value |-> "v1"]>>,
    mcommitIndex |-> 0 ] :>
      0 @@
  [ mdest |-> "r3",
    msource |-> "r1",
    mtype |-> AppendEntriesRequest,
    mterm |-> 2,
    mlog |-> <<[term |-> 2, value |-> "v1"], [term |-> 2, value |-> "v2"]>>,
    mprevLogIndex |-> 1,
    mprevLogTerm |-> 2,
    mentries |-> <<[term |-> 2, value |-> "v2"]>>,
    mcommitIndex |-> 1 ] :>
      1 )
/\ matchIndex = [ r1 |-> [r1 |-> 0, r2 |-> 1, r3 |-> 1],
  r2 |-> [r1 |-> 0, r2 |-> 0, r3 |-> 0],
  r3 |-> [r1 |-> 0, r2 |-> 0, r3 |-> 0] ]
/\ log = [ r1 |-> <<[term |-> 2, value |-> "v1"], [term |-> 2, value |-> "v2"]>>,
  r2 |-> <<[term |-> 2, value |-> "v1"]>>,
  r3 |-> <<[term |-> 2, value |-> "v1"]>> ]
/\ state = [r1 |-> Leader, r2 |-> Follower, r3 |-> Follower]
/\ leaderCount = [r1 |-> 1, r2 |-> 0, r3 |-> 0]
/\ entryCommitStats = ( <<1, 2>> :> [committed |-> TRUE, sentCount |-> 2, ackCount |-> 1] @@
  <<2, 2>> :> [committed |-> FALSE, sentCount |-> 2, ackCount |-> 0] )
/\ commitIndex = [r1 |-> 1, r2 |-> 0, r3 |-> 0]
/\ currentTerm = [r1 |-> 2, r2 |-> 2, r3 |-> 2]
/\ votesResponded = [r1 |-> {"r1"}, r2 |-> {}, r3 |-> {}]
/\ maxc = 2
/\ nextIndex = [ r1 |-> [r1 |-> 1, r2 |-> 2, r3 |-> 2],
  r2 |-> [r1 |-> 1, r2 |-> 1, r3 |-> 1],
  r3 |-> [r1 |-> 1, r2 |-> 1, r3 |-> 1] ]
/\ votesGranted = [r1 |-> {"r1"}, r2 |-> {}, r3 |-> {}]
/\ missingRequests = [r1 |-> {}, r2 |-> {}, r3 |-> {}]
/\ voterLog = [r1 |-> [r1 |-> <<>>], r2 |-> <<>>, r3 |-> <<>>]
/\ votedFor = [r1 |-> Nil, r2 |-> "r1", r3 |-> "r1"]

@!@!@ENDMSG 2217 @!@!@
@!@!@STARTMSG 2217:4 @!@!@
15: <MyNext line 65, col 15 to line 67, col 86 of module raftSpec>
/\ pendingRequests = [r1 |-> {}, r2 |-> {"v2"}, r3 |-> {}]
/\ messages = ( [ mdest |-> "r1",
    msource |-> "r2",
    mtype |-> AppendEntriesResponse,
    mterm |-> 2,
    msuccess |-> TRUE,
    mmatchIndex |-> 1 ] :>
      0 @@
  [ mdest |-> "r1",
    msource |-> "r3",
    mtype |-> AppendEntriesResponse,
    mterm |-> 2,
    msuccess |-> TRUE,
    mmatchIndex |-> 1 ] :>
      0 @@
  [ mdest |-> "r1",
    msource |-> "r3",
    mtype |-> AppendEntriesResponse,
    mterm |-> 2,
    msuccess |-> TRUE,
    mmatchIndex |-> 2 ] :>
      1 @@
  [ mdest |-> "r2",
    msource |-> "r1",
    mtype |-> AppendEntriesRequest,
    mterm |-> 2,
    mlog |-> <<[term |-> 2, value |-> "v1"], [term |-> 2, value |-> "v2"]>>,
    mprevLogIndex |-> 0,
    mprevLogTerm |-> 0,
    mentries |-> <<[term |-> 2, value |-> "v1"]>>,
    mcommitIndex |-> 0 ] :>
      0 @@
  [ mdest |-> "r2",
    msource |-> "r1",
    mtype |-> AppendEntriesRequest,
    mterm |-> 2,
    mlog |-> <<[term |-> 2, value |-> "v1"], [term |-> 2, value |-> "v2"]>>,
    mprevLogIndex |-> 1,
    mprevLogTerm |-> 2,
    mentries |-> <<[term |-> 2, value |-> "v2"]>>,
    mcommitIndex |-> 1 ] :>
      1 @@
  [ mdest |-> "r3",
    msource |-> "r1",
    mtype |-> AppendEntriesRequest,
    mterm |-> 2,
    mlog |-> <<[term |-> 2, value |-> "v1"], [term |-> 2, value |-> "v2"]>>,
    mprevLogIndex |-> 0,
    mprevLogTerm |-> 0,
    mentries |-> <<[term |-> 2, value |-> "v1"]>>,
    mcommitIndex |-> 0 ] :>
      0 @@
  [ mdest |-> "r3",
    msource |-> "r1",
    mtype |-> AppendEntriesRequest,
    mterm |-> 2,
    mlog |-> <<[term |-> 2, value |-> "v1"], [term |-> 2, value |-> "v2"]>>,
    mprevLogIndex |-> 1,
    mprevLogTerm |-> 2,
    mentries |-> <<[term |-> 2, value |-> "v2"]>>,
    mcommitIndex |-> 1 ] :>
      0 )
/\ matchIndex = [ r1 |-> [r1 |-> 0, r2 |-> 1, r3 |-> 1],
  r2 |-> [r1 |-> 0, r2 |-> 0, r3 |-> 0],
  r3 |-> [r1 |-> 0, r2 |-> 0, r3 |-> 0] ]
/\ log = [ r1 |-> <<[term |-> 2, value |-> "v1"], [term |-> 2, value |-> "v2"]>>,
  r2 |-> <<[term |-> 2, value |-> "v1"]>>,
  r3 |-> <<[term |-> 2, value |-> "v1"], [term |-> 2, value |-> "v2"]>> ]
/\ state = [r1 |-> Leader, r2 |-> Follower, r3 |-> Follower]
/\ leaderCount = [r1 |-> 1, r2 |-> 0, r3 |-> 0]
/\ entryCommitStats = ( <<1, 2>> :> [committed |-> TRUE, sentCount |-> 2, ackCount |-> 1] @@
  <<2, 2>> :> [committed |-> FALSE, sentCount |-> 2, ackCount |-> 0] )
/\ commitIndex = [r1 |-> 1, r2 |-> 0, r3 |-> 1]
/\ currentTerm = [r1 |-> 2, r2 |-> 2, r3 |-> 2]
/\ votesResponded = [r1 |-> {"r1"}, r2 |-> {}, r3 |-> {}]
/\ maxc = 2
/\ nextIndex = [ r1 |-> [r1 |-> 1, r2 |-> 2, r3 |-> 2],
  r2 |-> [r1 |-> 1, r2 |-> 1, r3 |-> 1],
  r3 |-> [r1 |-> 1, r2 |-> 1, r3 |-> 1] ]
/\ votesGranted = [r1 |-> {"r1"}, r2 |-> {}, r3 |-> {}]
/\ missingRequests = [r1 |-> {}, r2 |-> {}, r3 |-> {}]
/\ voterLog = [r1 |-> [r1 |-> <<>>], r2 |-> <<>>, r3 |-> <<>>]
/\ votedFor = [r1 |-> Nil, r2 |-> "r1", r3 |-> "r1"]

@!@!@ENDMSG 2217 @!@!@
@!@!@STARTMSG 2217:4 @!@!@
16: <MyNext line 65, col 15 to line 67, col 86 of module raftSpec>
/\ pendingRequests = [r1 |-> {}, r2 |-> {}, r3 |-> {}]
/\ messages = ( [ mdest |-> "r1",
    msource |-> "r2",
    mtype |-> AppendEntriesResponse,
    mterm |-> 2,
    msuccess |-> TRUE,
    mmatchIndex |-> 1 ] :>
      0 @@
  [ mdest |-> "r1",
    msource |-> "r2",
    mtype |-> AppendEntriesResponse,
    mterm |-> 2,
    msuccess |-> TRUE,
    mmatchIndex |-> 2 ] :>
      1 @@
  [ mdest |-> "r1",
    msource |-> "r3",
    mtype |-> AppendEntriesResponse,
    mterm |-> 2,
    msuccess |-> TRUE,
    mmatchIndex |-> 1 ] :>
      0 @@
  [ mdest |-> "r1",
    msource |-> "r3",
    mtype |-> AppendEntriesResponse,
    mterm |-> 2,
    msuccess |-> TRUE,
    mmatchIndex |-> 2 ] :>
      1 @@
  [ mdest |-> "r2",
    msource |-> "r1",
    mtype |-> AppendEntriesRequest,
    mterm |-> 2,
    mlog |-> <<[term |-> 2, value |-> "v1"], [term |-> 2, value |-> "v2"]>>,
    mprevLogIndex |-> 0,
    mprevLogTerm |-> 0,
    mentries |-> <<[term |-> 2, value |-> "v1"]>>,
    mcommitIndex |-> 0 ] :>
      0 @@
  [ mdest |-> "r2",
    msource |-> "r1",
    mtype |-> AppendEntriesRequest,
    mterm |-> 2,
    mlog |-> <<[term |-> 2, value |-> "v1"], [term |-> 2, value |-> "v2"]>>,
    mprevLogIndex |-> 1,
    mprevLogTerm |-> 2,
    mentries |-> <<[term |-> 2, value |-> "v2"]>>,
    mcommitIndex |-> 1 ] :>
      0 @@
  [ mdest |-> "r3",
    msource |-> "r1",
    mtype |-> AppendEntriesRequest,
    mterm |-> 2,
    mlog |-> <<[term |-> 2, value |-> "v1"], [term |-> 2, value |-> "v2"]>>,
    mprevLogIndex |-> 0,
    mprevLogTerm |-> 0,
    mentries |-> <<[term |-> 2, value |-> "v1"]>>,
    mcommitIndex |-> 0 ] :>
      0 @@
  [ mdest |-> "r3",
    msource |-> "r1",
    mtype |-> AppendEntriesRequest,
    mterm |-> 2,
    mlog |-> <<[term |-> 2, value |-> "v1"], [term |-> 2, value |-> "v2"]>>,
    mprevLogIndex |-> 1,
    mprevLogTerm |-> 2,
    mentries |-> <<[term |-> 2, value |-> "v2"]>>,
    mcommitIndex |-> 1 ] :>
      0 )
/\ matchIndex = [ r1 |-> [r1 |-> 0, r2 |-> 1, r3 |-> 1],
  r2 |-> [r1 |-> 0, r2 |-> 0, r3 |-> 0],
  r3 |-> [r1 |-> 0, r2 |-> 0, r3 |-> 0] ]
/\ log = [ r1 |-> <<[term |-> 2, value |-> "v1"], [term |-> 2, value |-> "v2"]>>,
  r2 |-> <<[term |-> 2, value |-> "v1"], [term |-> 2, value |-> "v2"]>>,
  r3 |-> <<[term |-> 2, value |-> "v1"], [term |-> 2, value |-> "v2"]>> ]
/\ state = [r1 |-> Leader, r2 |-> Follower, r3 |-> Follower]
/\ leaderCount = [r1 |-> 1, r2 |-> 0, r3 |-> 0]
/\ entryCommitStats = ( <<1, 2>> :> [committed |-> TRUE, sentCount |-> 2, ackCount |-> 1] @@
  <<2, 2>> :> [committed |-> FALSE, sentCount |-> 2, ackCount |-> 0] )
/\ commitIndex = [r1 |-> 1, r2 |-> 1, r3 |-> 1]
/\ currentTerm = [r1 |-> 2, r2 |-> 2, r3 |-> 2]
/\ votesResponded = [r1 |-> {"r1"}, r2 |-> {}, r3 |-> {}]
/\ maxc = 2
/\ nextIndex = [ r1 |-> [r1 |-> 1, r2 |-> 2, r3 |-> 2],
  r2 |-> [r1 |-> 1, r2 |-> 1, r3 |-> 1],
  r3 |-> [r1 |-> 1, r2 |-> 1, r3 |-> 1] ]
/\ votesGranted = [r1 |-> {"r1"}, r2 |-> {}, r3 |-> {}]
/\ missingRequests = [r1 |-> {}, r2 |-> {}, r3 |-> {}]
/\ voterLog = [r1 |-> [r1 |-> <<>>], r2 |-> <<>>, r3 |-> <<>>]
/\ votedFor = [r1 |-> Nil, r2 |-> "r1", r3 |-> "r1"]

@!@!@ENDMSG 2217 @!@!@
@!@!@STARTMSG 2201:0 @!@!@
The coverage statistics at 2025-04-13 00:12:33
@!@!@ENDMSG 2201 @!@!@
@!@!@STARTMSG 2773:0 @!@!@
<MyInit line 34, col 1 to line 34, col 6 of module raftInit>: 2:2
@!@!@ENDMSG 2773 @!@!@
@!@!@STARTMSG 2221:0 @!@!@
  line 40, col 5 to line 56, col 46 of module raftInit: 2
@!@!@ENDMSG 2221 @!@!@
@!@!@STARTMSG 2772:0 @!@!@
<MyNext line 54, col 1 to line 54, col 6 of module raftSpec (64 35 64 63)>: 6539:24900
@!@!@ENDMSG 2772 @!@!@
@!@!@STARTMSG 2221:0 @!@!@
  line 64, col 35 to line 64, col 40 of module raftSpec: 149248
@!@!@ENDMSG 2221 @!@!@
@!@!@STARTMSG 2221:0 @!@!@
  |line 64, col 35 to line 64, col 35 of module raftSpec: 124348
@!@!@ENDMSG 2221 @!@!@
@!@!@STARTMSG 2221:0 @!@!@
  |line 64, col 40 to line 64, col 40 of module raftSpec: 124348
@!@!@ENDMSG 2221 @!@!@
@!@!@STARTMSG 2221:0 @!@!@
  line 190, col 8 to line 190, col 13 of module raftActionsSolution: 107800
@!@!@ENDMSG 2221 @!@!@
@!@!@STARTMSG 2221:0 @!@!@
  |line 190, col 8 to line 190, col 8 of module raftActionsSolution: 82900
@!@!@ENDMSG 2221 @!@!@
@!@!@STARTMSG 2221:0 @!@!@
  |line 190, col 13 to line 190, col 13 of module raftActionsSolution: 82900
@!@!@ENDMSG 2221 @!@!@
@!@!@STARTMSG 2221:0 @!@!@
  line 191, col 8 to line 191, col 24 of module raftActionsSolution: 107800
@!@!@ENDMSG 2221 @!@!@
@!@!@STARTMSG 2221:0 @!@!@
  |line 191, col 8 to line 191, col 15 of module raftActionsSolution: 82900
@!@!@ENDMSG 2221 @!@!@
@!@!@STARTMSG 2221:0 @!@!@
  |line 191, col 19 to line 191, col 24 of module raftActionsSolution: 82900
@!@!@ENDMSG 2221 @!@!@
@!@!@STARTMSG 2221:0 @!@!@
  line 192, col 8 to line 192, col 22 of module raftActionsSolution: 24900
@!@!@ENDMSG 2221 @!@!@
@!@!@STARTMSG 2221:0 @!@!@
  |line 192, col 8 to line 192, col 18 of module raftActionsSolution: 27634
@!@!@ENDMSG 2221 @!@!@
@!@!@STARTMSG 2221:0 @!@!@
  line 193, col 8 to line 193, col 37 of module raftActionsSolution: 24900
@!@!@ENDMSG 2221 @!@!@
@!@!@STARTMSG 2221:0 @!@!@
  |line 193, col 8 to line 193, col 22 of module raftActionsSolution: 27622
@!@!@ENDMSG 2221 @!@!@
@!@!@STARTMSG 2221:0 @!@!@
  |line 193, col 27 to line 193, col 37 of module raftActionsSolution: 27622
@!@!@ENDMSG 2221 @!@!@
@!@!@STARTMSG 2221:0 @!@!@
  line 26, col 12 to line 26, col 47 of module raftHelpers: 24900
@!@!@ENDMSG 2221 @!@!@
@!@!@STARTMSG 2221:0 @!@!@
  |line 26, col 24 to line 26, col 47 of module raftHelpers: 24900
@!@!@ENDMSG 2221 @!@!@
@!@!@STARTMSG 2221:0 @!@!@
  ||line 13, col 5 to line 17, col 24 of module raftHelpers: 24900
@!@!@ENDMSG 2221 @!@!@
@!@!@STARTMSG 2221:0 @!@!@
  |||line 13, col 8 to line 13, col 24 of module raftHelpers: 24900
@!@!@ENDMSG 2221 @!@!@
@!@!@STARTMSG 2221:0 @!@!@
  |||line 14, col 9 to line 14, col 12 of module raftHelpers: 13831
@!@!@ENDMSG 2221 @!@!@
@!@!@STARTMSG 2221:0 @!@!@
  |||line 17, col 9 to line 17, col 24 of module raftHelpers: 11069
@!@!@ENDMSG 2221 @!@!@
@!@!@STARTMSG 2221:0 @!@!@
  ||line 26, col 36 to line 26, col 36 of module raftHelpers: 24900
@!@!@ENDMSG 2221 @!@!@
@!@!@STARTMSG 2221:0 @!@!@
  ||line 26, col 39 to line 26, col 46 of module raftHelpers: 24900
@!@!@ENDMSG 2221 @!@!@
@!@!@STARTMSG 2221:0 @!@!@
  line 201, col 16 to line 209, col 37 of module raftActionsSolution: 24900
@!@!@ENDMSG 2221 @!@!@
@!@!@STARTMSG 2221:0 @!@!@
  |line 201, col 17 to line 201, col 55 of module raftActionsSolution: 24900
@!@!@ENDMSG 2221 @!@!@
@!@!@STARTMSG 2221:0 @!@!@
  |line 202, col 17 to line 202, col 49 of module raftActionsSolution: 24900
@!@!@ENDMSG 2221 @!@!@
@!@!@STARTMSG 2221:0 @!@!@
  |line 203, col 17 to line 203, col 47 of module raftActionsSolution: 24900
@!@!@ENDMSG 2221 @!@!@
@!@!@STARTMSG 2221:0 @!@!@
  |line 204, col 36 to line 204, col 46 of module raftActionsSolution: 24900
@!@!@ENDMSG 2221 @!@!@
@!@!@STARTMSG 2221:0 @!@!@
  ||line 200, col 27 to line 200, col 83 of module raftActionsSolution: 24900
@!@!@ENDMSG 2221 @!@!@
@!@!@STARTMSG 2221:0 @!@!@
  |||line 200, col 30 to line 200, col 45 of module raftActionsSolution: 24900
@!@!@ENDMSG 2221 @!@!@
@!@!@STARTMSG 2221:0 @!@!@
  |||line 200, col 52 to line 200, col 76 of module raftActionsSolution: 11110
@!@!@ENDMSG 2221 @!@!@
@!@!@STARTMSG 2221:0 @!@!@
  |line 205, col 17 to line 205, col 42 of module raftActionsSolution: 24900
@!@!@ENDMSG 2221 @!@!@
@!@!@STARTMSG 2221:0 @!@!@
  |line 206, col 17 to line 206, col 41 of module raftActionsSolution: 24900
@!@!@ENDMSG 2221 @!@!@
@!@!@STARTMSG 2221:0 @!@!@
  |line 207, col 36 to line 207, col 72 of module raftActionsSolution: 24900
@!@!@ENDMSG 2221 @!@!@
@!@!@STARTMSG 2221:0 @!@!@
  ||line 38, col 11 to line 38, col 46 of module raftHelpers: 24900
@!@!@ENDMSG 2221 @!@!@
@!@!@STARTMSG 2221:0 @!@!@
  |||line 38, col 28 to line 38, col 46 of module raftHelpers: 24900
@!@!@ENDMSG 2221 @!@!@
@!@!@STARTMSG 2221:0 @!@!@
  ||||line 38, col 41 to line 38, col 46 of module raftHelpers: 35509
@!@!@ENDMSG 2221 @!@!@
@!@!@STARTMSG 2221:0 @!@!@
  ||||line 38, col 37 to line 38, col 37 of module raftHelpers: 24900
@!@!@ENDMSG 2221 @!@!@
@!@!@STARTMSG 2221:0 @!@!@
  |||line 38, col 24 to line 38, col 24 of module raftHelpers: 24900
@!@!@ENDMSG 2221 @!@!@
@!@!@STARTMSG 2775:0 @!@!@
  ||line 207, col 40 to line 207, col 71 of module raftActionsSolution: 24900:85309
@!@!@ENDMSG 2775 @!@!@
@!@!@STARTMSG 2221:0 @!@!@
  |line 208, col 17 to line 208, col 36 of module raftActionsSolution: 24900
@!@!@ENDMSG 2221 @!@!@
@!@!@STARTMSG 2221:0 @!@!@
  |line 209, col 17 to line 209, col 36 of module raftActionsSolution: 24900
@!@!@ENDMSG 2221 @!@!@
@!@!@STARTMSG 2221:0 @!@!@
  line 210, col 11 to line 213, col 33 of module raftActionsSolution: 24900
@!@!@ENDMSG 2221 @!@!@
@!@!@STARTMSG 2221:0 @!@!@
  |line 211, col 13 to line 213, col 33 of module raftActionsSolution: 24900
@!@!@ENDMSG 2221 @!@!@
@!@!@STARTMSG 2221:0 @!@!@
  ||line 211, col 16 to line 211, col 92 of module raftActionsSolution: 24900
@!@!@ENDMSG 2221 @!@!@
@!@!@STARTMSG 2221:0 @!@!@
  ||line 212, col 18 to line 212, col 72 of module raftActionsSolution: 18329
@!@!@ENDMSG 2221 @!@!@
@!@!@STARTMSG 2221:0 @!@!@
  ||line 213, col 18 to line 213, col 33 of module raftActionsSolution: 6571
@!@!@ENDMSG 2221 @!@!@
@!@!@STARTMSG 2221:0 @!@!@
  line 214, col 8 to line 215, col 53 of module raftActionsSolution: 24900
@!@!@ENDMSG 2221 @!@!@
@!@!@STARTMSG 2221:0 @!@!@
  line 64, col 59 to line 64, col 59 of module raftSpec: 82900
@!@!@ENDMSG 2221 @!@!@
@!@!@STARTMSG 2221:0 @!@!@
  line 64, col 62 to line 64, col 62 of module raftSpec: 82900
@!@!@ENDMSG 2221 @!@!@
@!@!@STARTMSG 2772:0 @!@!@
<MyNext line 54, col 1 to line 54, col 6 of module raftSpec (65 15 67 86)>: 14872:25330
@!@!@ENDMSG 2772 @!@!@
@!@!@STARTMSG 2221:0 @!@!@
  line 54, col 8 to line 54, col 31 of module raftActionsSolution: 25330
@!@!@ENDMSG 2221 @!@!@
@!@!@STARTMSG 2221:0 @!@!@
  line 56, col 8 to line 56, col 60 of module raftActionsSolution: 0
@!@!@ENDMSG 2221 @!@!@
@!@!@STARTMSG 2221:0 @!@!@
  line 57, col 8 to line 57, col 61 of module raftActionsSolution: 0
@!@!@ENDMSG 2221 @!@!@
@!@!@STARTMSG 2221:0 @!@!@
  line 58, col 8 to line 58, col 56 of module raftActionsSolution: 0
@!@!@ENDMSG 2221 @!@!@
@!@!@STARTMSG 2221:0 @!@!@
  line 60, col 8 to line 60, col 86 of module raftActionsSolution: 0
@!@!@ENDMSG 2221 @!@!@
@!@!@STARTMSG 2221:0 @!@!@
  line 18, col 22 to line 18, col 22 of module raftSpec: 25330
@!@!@ENDMSG 2221 @!@!@
@!@!@STARTMSG 2221:0 @!@!@
  line 18, col 28 to line 18, col 28 of module raftSpec: 25330
@!@!@ENDMSG 2221 @!@!@
@!@!@STARTMSG 2221:0 @!@!@
  line 20, col 14 to line 20, col 41 of module raftSpec: 25330
@!@!@ENDMSG 2221 @!@!@
@!@!@STARTMSG 2221:0 @!@!@
  line 88, col 24 to line 88, col 61 of module raftActionsSolution: 0
@!@!@ENDMSG 2221 @!@!@
@!@!@STARTMSG 2221:0 @!@!@
  line 89, col 24 to line 89, col 41 of module raftActionsSolution: 0
@!@!@ENDMSG 2221 @!@!@
@!@!@STARTMSG 2221:0 @!@!@
  line 35, col 5 to line 35, col 72 of module raftHelpers: 0
@!@!@ENDMSG 2221 @!@!@
@!@!@STARTMSG 2221:0 @!@!@
  line 99, col 11 to line 99, col 99 of module raftActionsSolution: 0
@!@!@ENDMSG 2221 @!@!@
@!@!@STARTMSG 2221:0 @!@!@
  line 22, col 14 to line 22, col 42 of module raftSpec: 25330
@!@!@ENDMSG 2221 @!@!@
@!@!@STARTMSG 2221:0 @!@!@
  line 30, col 15 to line 30, col 53 of module raftHelpers: 0
@!@!@ENDMSG 2221 @!@!@
@!@!@STARTMSG 2221:0 @!@!@
  line 123, col 8 to line 123, col 88 of module raftActionsSolution: 0
@!@!@ENDMSG 2221 @!@!@
@!@!@STARTMSG 2221:0 @!@!@
  line 107, col 8 to line 108, col 57 of module raftActionsSolution: 0
@!@!@ENDMSG 2221 @!@!@
@!@!@STARTMSG 2221:0 @!@!@
  line 110, col 14 to line 111, col 59 of module raftActionsSolution: 0
@!@!@ENDMSG 2221 @!@!@
@!@!@STARTMSG 2221:0 @!@!@
  line 112, col 14 to line 113, col 59 of module raftActionsSolution: 0
@!@!@ENDMSG 2221 @!@!@
@!@!@STARTMSG 2221:0 @!@!@
  line 115, col 14 to line 115, col 49 of module raftActionsSolution: 0
@!@!@ENDMSG 2221 @!@!@
@!@!@STARTMSG 2221:0 @!@!@
  line 30, col 15 to line 30, col 53 of module raftHelpers: 0
@!@!@ENDMSG 2221 @!@!@
@!@!@STARTMSG 2221:0 @!@!@
  line 117, col 8 to line 117, col 83 of module raftActionsSolution: 0
@!@!@ENDMSG 2221 @!@!@
@!@!@STARTMSG 2221:0 @!@!@
  line 25, col 14 to line 25, col 43 of module raftSpec: 43252
@!@!@ENDMSG 2221 @!@!@
@!@!@STARTMSG 2221:0 @!@!@
  |line 25, col 14 to line 25, col 20 of module raftSpec: 25330
@!@!@ENDMSG 2221 @!@!@
@!@!@STARTMSG 2221:0 @!@!@
  |line 25, col 24 to line 25, col 43 of module raftSpec: 25330
@!@!@ENDMSG 2221 @!@!@
@!@!@STARTMSG 2221:0 @!@!@
  line 249, col 25 to line 249, col 81 of module raftActionsSolution: 0
@!@!@ENDMSG 2221 @!@!@
@!@!@STARTMSG 2221:0 @!@!@
  line 35, col 5 to line 35, col 72 of module raftHelpers: 0
@!@!@ENDMSG 2221 @!@!@
@!@!@STARTMSG 2221:0 @!@!@
  line 256, col 25 to line 256, col 87 of module raftActionsSolution: 0
@!@!@ENDMSG 2221 @!@!@
@!@!@STARTMSG 2221:0 @!@!@
  line 262, col 28 to line 262, col 60 of module raftActionsSolution: 0
@!@!@ENDMSG 2221 @!@!@
@!@!@STARTMSG 2221:0 @!@!@
  line 264, col 25 to line 264, col 105 of module raftActionsSolution: 0
@!@!@ENDMSG 2221 @!@!@
@!@!@STARTMSG 2221:0 @!@!@
  line 272, col 34 to line 272, col 89 of module raftActionsSolution: 0
@!@!@ENDMSG 2221 @!@!@
@!@!@STARTMSG 2221:0 @!@!@
  line 273, col 34 to line 273, col 119 of module raftActionsSolution: 0
@!@!@ENDMSG 2221 @!@!@
@!@!@STARTMSG 2221:0 @!@!@
  line 274, col 34 to line 274, col 90 of module raftActionsSolution: 0
@!@!@ENDMSG 2221 @!@!@
@!@!@STARTMSG 2221:0 @!@!@
  line 35, col 5 to line 35, col 72 of module raftHelpers: 0
@!@!@ENDMSG 2221 @!@!@
@!@!@STARTMSG 2221:0 @!@!@
  line 281, col 34 to line 281, col 74 of module raftActionsSolution: 0
@!@!@ENDMSG 2221 @!@!@
@!@!@STARTMSG 2221:0 @!@!@
  line 35, col 5 to line 35, col 72 of module raftHelpers: 0
@!@!@ENDMSG 2221 @!@!@
@!@!@STARTMSG 2221:0 @!@!@
  line 26, col 12 to line 26, col 47 of module raftHelpers: 0
@!@!@ENDMSG 2221 @!@!@
@!@!@STARTMSG 2221:0 @!@!@
  line 293, col 42 to line 293, col 130 of module raftActionsSolution: 0
@!@!@ENDMSG 2221 @!@!@
@!@!@STARTMSG 2221:0 @!@!@
  line 294, col 42 to line 294, col 80 of module raftActionsSolution: 0
@!@!@ENDMSG 2221 @!@!@
@!@!@STARTMSG 2221:0 @!@!@
  line 295, col 34 to line 295, col 92 of module raftActionsSolution: 0
@!@!@ENDMSG 2221 @!@!@
@!@!@STARTMSG 2221:0 @!@!@
  line 297, col 11 to line 297, col 35 of module raftActionsSolution: 17922
@!@!@ENDMSG 2221 @!@!@
@!@!@STARTMSG 2221:0 @!@!@
  |line 297, col 11 to line 297, col 17 of module raftActionsSolution: 17925
@!@!@ENDMSG 2221 @!@!@
@!@!@STARTMSG 2221:0 @!@!@
  |line 297, col 22 to line 297, col 35 of module raftActionsSolution: 17925
@!@!@ENDMSG 2221 @!@!@
@!@!@STARTMSG 2221:0 @!@!@
  line 300, col 25 to line 300, col 48 of module raftActionsSolution: 17925
@!@!@ENDMSG 2221 @!@!@
@!@!@STARTMSG 2221:0 @!@!@
  line 301, col 28 to line 301, col 51 of module raftActionsSolution: 17925
@!@!@ENDMSG 2221 @!@!@
@!@!@STARTMSG 2221:0 @!@!@
  line 302, col 28 to line 302, col 46 of module raftActionsSolution: 17925
@!@!@ENDMSG 2221 @!@!@
@!@!@STARTMSG 2221:0 @!@!@
  line 303, col 28 to line 303, col 38 of module raftActionsSolution: 17925
@!@!@ENDMSG 2221 @!@!@
@!@!@STARTMSG 2221:0 @!@!@
  |line 303, col 34 to line 303, col 38 of module raftActionsSolution: 17925
@!@!@ENDMSG 2221 @!@!@
@!@!@STARTMSG 2221:0 @!@!@
  ||line 236, col 18 to line 239, col 68 of module raftActionsSolution: 17925
@!@!@ENDMSG 2221 @!@!@
@!@!@STARTMSG 2221:0 @!@!@
  |||line 236, col 21 to line 236, col 39 of module raftActionsSolution: 17925
@!@!@ENDMSG 2221 @!@!@
@!@!@STARTMSG 2221:0 @!@!@
  |||line 237, col 21 to line 239, col 68 of module raftActionsSolution: 6415
@!@!@ENDMSG 2221 @!@!@
@!@!@STARTMSG 2221:0 @!@!@
  line 35, col 5 to line 35, col 72 of module raftHelpers: 0
@!@!@ENDMSG 2221 @!@!@
@!@!@STARTMSG 2221:0 @!@!@
  line 311, col 23 to line 311, col 89 of module raftActionsSolution: 0
@!@!@ENDMSG 2221 @!@!@
@!@!@STARTMSG 2221:0 @!@!@
  line 314, col 20 to line 315, col 42 of module raftActionsSolution: 17925
@!@!@ENDMSG 2221 @!@!@
@!@!@STARTMSG 2221:0 @!@!@
  line 316, col 23 to line 316, col 61 of module raftActionsSolution: 0
@!@!@ENDMSG 2221 @!@!@
@!@!@STARTMSG 2221:0 @!@!@
  line 317, col 23 to line 317, col 110 of module raftActionsSolution: 0
@!@!@ENDMSG 2221 @!@!@
@!@!@STARTMSG 2221:0 @!@!@
  line 241, col 16 to line 241, col 39 of module raftActionsSolution: 35847
@!@!@ENDMSG 2221 @!@!@
@!@!@STARTMSG 2221:0 @!@!@
  |line 241, col 16 to line 241, col 22 of module raftActionsSolution: 17925
@!@!@ENDMSG 2221 @!@!@
@!@!@STARTMSG 2221:0 @!@!@
  |line 241, col 26 to line 241, col 39 of module raftActionsSolution: 17925
@!@!@ENDMSG 2221 @!@!@
@!@!@STARTMSG 2221:0 @!@!@
  line 242, col 16 to line 242, col 34 of module raftActionsSolution: 35847
@!@!@ENDMSG 2221 @!@!@
@!@!@STARTMSG 2221:0 @!@!@
  |line 242, col 16 to line 242, col 23 of module raftActionsSolution: 17925
@!@!@ENDMSG 2221 @!@!@
@!@!@STARTMSG 2221:0 @!@!@
  |line 242, col 27 to line 242, col 34 of module raftActionsSolution: 17925
@!@!@ENDMSG 2221 @!@!@
@!@!@STARTMSG 2221:0 @!@!@
  line 236, col 21 to line 236, col 39 of module raftActionsSolution: 29435
@!@!@ENDMSG 2221 @!@!@
@!@!@STARTMSG 2221:0 @!@!@
  |line 236, col 21 to line 236, col 35 of module raftActionsSolution: 17925
@!@!@ENDMSG 2221 @!@!@
@!@!@STARTMSG 2221:0 @!@!@
  line 237, col 24 to line 237, col 42 of module raftActionsSolution: 6412
@!@!@ENDMSG 2221 @!@!@
@!@!@STARTMSG 2221:0 @!@!@
  |line 237, col 24 to line 237, col 38 of module raftActionsSolution: 17925
@!@!@ENDMSG 2221 @!@!@
@!@!@STARTMSG 2221:0 @!@!@
  line 238, col 24 to line 238, col 53 of module raftActionsSolution: 6412
@!@!@ENDMSG 2221 @!@!@
@!@!@STARTMSG 2221:0 @!@!@
  |line 238, col 24 to line 238, col 38 of module raftActionsSolution: 6415
@!@!@ENDMSG 2221 @!@!@
@!@!@STARTMSG 2221:0 @!@!@
  |line 238, col 43 to line 238, col 53 of module raftActionsSolution: 6415
@!@!@ENDMSG 2221 @!@!@
@!@!@STARTMSG 2221:0 @!@!@
  line 239, col 24 to line 239, col 68 of module raftActionsSolution: 12827
@!@!@ENDMSG 2221 @!@!@
@!@!@STARTMSG 2221:0 @!@!@
  |line 239, col 24 to line 239, col 37 of module raftActionsSolution: 6415
@!@!@ENDMSG 2221 @!@!@
@!@!@STARTMSG 2221:0 @!@!@
  |line 239, col 41 to line 239, col 68 of module raftActionsSolution: 6415
@!@!@ENDMSG 2221 @!@!@
@!@!@STARTMSG 2221:0 @!@!@
  line 246, col 28 to line 246, col 45 of module raftActionsSolution: 17925
@!@!@ENDMSG 2221 @!@!@
@!@!@STARTMSG 2221:0 @!@!@
  line 247, col 31 to line 247, col 50 of module raftActionsSolution: 5263
@!@!@ENDMSG 2221 @!@!@
@!@!@STARTMSG 2221:0 @!@!@
  |line 247, col 31 to line 247, col 41 of module raftActionsSolution: 17925
@!@!@ENDMSG 2221 @!@!@
@!@!@STARTMSG 2221:0 @!@!@
  |line 247, col 46 to line 247, col 50 of module raftActionsSolution: 17925
@!@!@ENDMSG 2221 @!@!@
@!@!@STARTMSG 2221:0 @!@!@
  line 248, col 31 to line 248, col 59 of module raftActionsSolution: 10526
@!@!@ENDMSG 2221 @!@!@
@!@!@STARTMSG 2221:0 @!@!@
  |line 248, col 31 to line 248, col 43 of module raftActionsSolution: 5263
@!@!@ENDMSG 2221 @!@!@
@!@!@STARTMSG 2221:0 @!@!@
  |line 248, col 47 to line 248, col 59 of module raftActionsSolution: 5263
@!@!@ENDMSG 2221 @!@!@
@!@!@STARTMSG 2221:0 @!@!@
  line 249, col 25 to line 249, col 81 of module raftActionsSolution: 5263
@!@!@ENDMSG 2221 @!@!@
@!@!@STARTMSG 2221:0 @!@!@
  line 250, col 25 to line 255, col 57 of module raftActionsSolution: 5263
@!@!@ENDMSG 2221 @!@!@
@!@!@STARTMSG 2221:0 @!@!@
  line 256, col 25 to line 256, col 87 of module raftActionsSolution: 5263
@!@!@ENDMSG 2221 @!@!@
@!@!@STARTMSG 2221:0 @!@!@
  line 258, col 25 to line 258, col 43 of module raftActionsSolution: 17925
@!@!@ENDMSG 2221 @!@!@
@!@!@STARTMSG 2221:0 @!@!@
  line 259, col 25 to line 259, col 44 of module raftActionsSolution: 17925
@!@!@ENDMSG 2221 @!@!@
@!@!@STARTMSG 2221:0 @!@!@
  line 260, col 25 to line 260, col 64 of module raftActionsSolution: 5263
@!@!@ENDMSG 2221 @!@!@
@!@!@STARTMSG 2221:0 @!@!@
  line 262, col 28 to line 262, col 60 of module raftActionsSolution: 0
@!@!@ENDMSG 2221 @!@!@
@!@!@STARTMSG 2221:0 @!@!@
  line 264, col 25 to line 264, col 105 of module raftActionsSolution: 0
@!@!@ENDMSG 2221 @!@!@
@!@!@STARTMSG 2221:0 @!@!@
  line 266, col 25 to line 266, col 43 of module raftActionsSolution: 30584
@!@!@ENDMSG 2221 @!@!@
@!@!@STARTMSG 2221:0 @!@!@
  |line 266, col 25 to line 266, col 34 of module raftActionsSolution: 17925
@!@!@ENDMSG 2221 @!@!@
@!@!@STARTMSG 2221:0 @!@!@
  |line 266, col 39 to line 266, col 43 of module raftActionsSolution: 17925
@!@!@ENDMSG 2221 @!@!@
@!@!@STARTMSG 2221:0 @!@!@
  line 267, col 25 to line 267, col 53 of module raftActionsSolution: 30584
@!@!@ENDMSG 2221 @!@!@
@!@!@STARTMSG 2221:0 @!@!@
  |line 267, col 25 to line 267, col 35 of module raftActionsSolution: 17925
@!@!@ENDMSG 2221 @!@!@
@!@!@STARTMSG 2221:0 @!@!@
  |line 267, col 39 to line 267, col 53 of module raftActionsSolution: 17925
@!@!@ENDMSG 2221 @!@!@
@!@!@STARTMSG 2221:0 @!@!@
  line 271, col 34 to line 271, col 68 of module raftActionsSolution: 25321
@!@!@ENDMSG 2221 @!@!@
@!@!@STARTMSG 2221:0 @!@!@
  |line 271, col 34 to line 271, col 45 of module raftActionsSolution: 12662
@!@!@ENDMSG 2221 @!@!@
@!@!@STARTMSG 2221:0 @!@!@
  |line 271, col 51 to line 271, col 68 of module raftActionsSolution: 12662
@!@!@ENDMSG 2221 @!@!@
@!@!@STARTMSG 2221:0 @!@!@
  line 272, col 34 to line 272, col 89 of module raftActionsSolution: 12659
@!@!@ENDMSG 2221 @!@!@
@!@!@STARTMSG 2221:0 @!@!@
  |line 272, col 41 to line 272, col 89 of module raftActionsSolution: 12662
@!@!@ENDMSG 2221 @!@!@
@!@!@STARTMSG 2221:0 @!@!@
  line 273, col 34 to line 273, col 119 of module raftActionsSolution: 12659
@!@!@ENDMSG 2221 @!@!@
@!@!@STARTMSG 2221:0 @!@!@
  |line 273, col 53 to line 273, col 119 of module raftActionsSolution: 12662
@!@!@ENDMSG 2221 @!@!@
@!@!@STARTMSG 2221:0 @!@!@
  line 274, col 34 to line 274, col 90 of module raftActionsSolution: 12659
@!@!@ENDMSG 2221 @!@!@
@!@!@STARTMSG 2221:0 @!@!@
  |line 274, col 49 to line 274, col 90 of module raftActionsSolution: 12662
@!@!@ENDMSG 2221 @!@!@
@!@!@STARTMSG 2221:0 @!@!@
  line 35, col 5 to line 35, col 72 of module raftHelpers: 12659
@!@!@ENDMSG 2221 @!@!@
@!@!@STARTMSG 2221:0 @!@!@
  |line 35, col 17 to line 35, col 72 of module raftHelpers: 12662
@!@!@ENDMSG 2221 @!@!@
@!@!@STARTMSG 2221:0 @!@!@
  line 275, col 40 to line 280, col 62 of module raftActionsSolution: 12662
@!@!@ENDMSG 2221 @!@!@
@!@!@STARTMSG 2221:0 @!@!@
  line 280, col 65 to line 280, col 65 of module raftActionsSolution: 12662
@!@!@ENDMSG 2221 @!@!@
@!@!@STARTMSG 2221:0 @!@!@
  line 281, col 34 to line 281, col 74 of module raftActionsSolution: 12659
@!@!@ENDMSG 2221 @!@!@
@!@!@STARTMSG 2221:0 @!@!@
  line 284, col 34 to line 284, col 71 of module raftActionsSolution: 12659
@!@!@ENDMSG 2221 @!@!@
@!@!@STARTMSG 2221:0 @!@!@
  line 35, col 5 to line 35, col 72 of module raftHelpers: 0
@!@!@ENDMSG 2221 @!@!@
@!@!@STARTMSG 2221:0 @!@!@
  line 26, col 12 to line 26, col 47 of module raftHelpers: 0
@!@!@ENDMSG 2221 @!@!@
@!@!@STARTMSG 2221:0 @!@!@
  line 293, col 42 to line 293, col 130 of module raftActionsSolution: 0
@!@!@ENDMSG 2221 @!@!@
@!@!@STARTMSG 2221:0 @!@!@
  line 294, col 42 to line 294, col 80 of module raftActionsSolution: 0
@!@!@ENDMSG 2221 @!@!@
@!@!@STARTMSG 2221:0 @!@!@
  line 295, col 34 to line 295, col 92 of module raftActionsSolution: 0
@!@!@ENDMSG 2221 @!@!@
@!@!@STARTMSG 2221:0 @!@!@
  line 320, col 39 to line 320, col 46 of module raftActionsSolution: 17925
@!@!@ENDMSG 2221 @!@!@
@!@!@STARTMSG 2221:0 @!@!@
  line 321, col 23 to line 321, col 61 of module raftActionsSolution: 17922
@!@!@ENDMSG 2221 @!@!@
@!@!@STARTMSG 2221:0 @!@!@
  line 324, col 11 to line 324, col 43 of module raftActionsSolution: 17922
@!@!@ENDMSG 2221 @!@!@
@!@!@STARTMSG 2221:0 @!@!@
  line 26, col 41 to line 26, col 41 of module raftSpec: 17925
@!@!@ENDMSG 2221 @!@!@
@!@!@STARTMSG 2221:0 @!@!@
  line 26, col 44 to line 26, col 44 of module raftSpec: 17925
@!@!@ENDMSG 2221 @!@!@
@!@!@STARTMSG 2221:0 @!@!@
  line 26, col 47 to line 26, col 47 of module raftSpec: 17925
@!@!@ENDMSG 2221 @!@!@
@!@!@STARTMSG 2221:0 @!@!@
  line 27, col 14 to line 27, col 44 of module raftSpec: 32732
@!@!@ENDMSG 2221 @!@!@
@!@!@STARTMSG 2221:0 @!@!@
  |line 27, col 14 to line 27, col 20 of module raftSpec: 25327
@!@!@ENDMSG 2221 @!@!@
@!@!@STARTMSG 2221:0 @!@!@
  |line 27, col 24 to line 27, col 44 of module raftSpec: 25327
@!@!@ENDMSG 2221 @!@!@
@!@!@STARTMSG 2221:0 @!@!@
  line 121, col 8 to line 121, col 31 of module raftActionsSolution: 7405
@!@!@ENDMSG 2221 @!@!@
@!@!@STARTMSG 2221:0 @!@!@
  line 30, col 15 to line 30, col 53 of module raftHelpers: 0
@!@!@ENDMSG 2221 @!@!@
@!@!@STARTMSG 2221:0 @!@!@
  line 123, col 8 to line 123, col 88 of module raftActionsSolution: 0
@!@!@ENDMSG 2221 @!@!@
@!@!@STARTMSG 2221:0 @!@!@
  line 28, col 35 to line 28, col 35 of module raftSpec: 7405
@!@!@ENDMSG 2221 @!@!@
@!@!@STARTMSG 2221:0 @!@!@
  line 28, col 41 to line 28, col 41 of module raftSpec: 7405
@!@!@ENDMSG 2221 @!@!@
@!@!@STARTMSG 2221:0 @!@!@
  line 359, col 8 to line 359, col 31 of module raftActionsSolution: 14810
@!@!@ENDMSG 2221 @!@!@
@!@!@STARTMSG 2221:0 @!@!@
  |line 359, col 8 to line 359, col 14 of module raftActionsSolution: 7405
@!@!@ENDMSG 2221 @!@!@
@!@!@STARTMSG 2221:0 @!@!@
  |line 359, col 18 to line 359, col 31 of module raftActionsSolution: 7405
@!@!@ENDMSG 2221 @!@!@
@!@!@STARTMSG 2221:0 @!@!@
  line 360, col 8 to line 360, col 24 of module raftActionsSolution: 14810
@!@!@ENDMSG 2221 @!@!@
@!@!@STARTMSG 2221:0 @!@!@
  |line 360, col 8 to line 360, col 15 of module raftActionsSolution: 7405
@!@!@ENDMSG 2221 @!@!@
@!@!@STARTMSG 2221:0 @!@!@
  |line 360, col 19 to line 360, col 24 of module raftActionsSolution: 7405
@!@!@ENDMSG 2221 @!@!@
@!@!@STARTMSG 2221:0 @!@!@
  line 361, col 14 to line 361, col 23 of module raftActionsSolution: 14810
@!@!@ENDMSG 2221 @!@!@
@!@!@STARTMSG 2221:0 @!@!@
  |line 361, col 14 to line 361, col 14 of module raftActionsSolution: 7405
@!@!@ENDMSG 2221 @!@!@
@!@!@STARTMSG 2221:0 @!@!@
  line 367, col 20 to line 367, col 80 of module raftActionsSolution: 7405
@!@!@ENDMSG 2221 @!@!@
@!@!@STARTMSG 2221:0 @!@!@
  line 368, col 20 to line 368, col 76 of module raftActionsSolution: 7405
@!@!@ENDMSG 2221 @!@!@
@!@!@STARTMSG 2221:0 @!@!@
  line 369, col 20 to line 374, col 42 of module raftActionsSolution: 7405
@!@!@ENDMSG 2221 @!@!@
@!@!@STARTMSG 2221:0 @!@!@
  |line 370, col 22 to line 374, col 42 of module raftActionsSolution: 7405
@!@!@ENDMSG 2221 @!@!@
@!@!@STARTMSG 2221:0 @!@!@
  ||line 370, col 25 to line 372, col 64 of module raftActionsSolution: 7405
@!@!@ENDMSG 2221 @!@!@
@!@!@STARTMSG 2221:0 @!@!@
  ||line 373, col 27 to line 373, col 80 of module raftActionsSolution: 5634
@!@!@ENDMSG 2221 @!@!@
@!@!@STARTMSG 2221:0 @!@!@
  ||line 374, col 27 to line 374, col 42 of module raftActionsSolution: 1771
@!@!@ENDMSG 2221 @!@!@
@!@!@STARTMSG 2221:0 @!@!@
  line 375, col 14 to line 375, col 29 of module raftActionsSolution: 7405
@!@!@ENDMSG 2221 @!@!@
@!@!@STARTMSG 2221:0 @!@!@
  line 380, col 14 to line 380, col 84 of module raftActionsSolution: 0
@!@!@ENDMSG 2221 @!@!@
@!@!@STARTMSG 2221:0 @!@!@
  line 381, col 14 to line 381, col 55 of module raftActionsSolution: 0
@!@!@ENDMSG 2221 @!@!@
@!@!@STARTMSG 2221:0 @!@!@
  line 382, col 8 to line 382, col 17 of module raftActionsSolution: 7405
@!@!@ENDMSG 2221 @!@!@
@!@!@STARTMSG 2221:0 @!@!@
  line 383, col 8 to line 384, col 53 of module raftActionsSolution: 7405
@!@!@ENDMSG 2221 @!@!@
@!@!@STARTMSG 2221:0 @!@!@
  line 29, col 45 to line 29, col 45 of module raftSpec: 7405
@!@!@ENDMSG 2221 @!@!@
@!@!@STARTMSG 2221:0 @!@!@
  line 29, col 48 to line 29, col 48 of module raftSpec: 7405
@!@!@ENDMSG 2221 @!@!@
@!@!@STARTMSG 2221:0 @!@!@
  line 29, col 51 to line 29, col 51 of module raftSpec: 7405
@!@!@ENDMSG 2221 @!@!@
@!@!@STARTMSG 2221:0 @!@!@
  line 31, col 14 to line 31, col 38 of module raftSpec: 25327
@!@!@ENDMSG 2221 @!@!@
@!@!@STARTMSG 2221:0 @!@!@
  line 35, col 5 to line 35, col 72 of module raftHelpers: 0
@!@!@ENDMSG 2221 @!@!@
@!@!@STARTMSG 2221:0 @!@!@
  line 30, col 15 to line 30, col 53 of module raftHelpers: 0
@!@!@ENDMSG 2221 @!@!@
@!@!@STARTMSG 2221:0 @!@!@
  line 343, col 11 to line 344, col 56 of module raftActionsSolution: 0
@!@!@ENDMSG 2221 @!@!@
@!@!@STARTMSG 2221:0 @!@!@
  line 33, col 14 to line 33, col 39 of module raftSpec: 25327
@!@!@ENDMSG 2221 @!@!@
@!@!@STARTMSG 2221:0 @!@!@
  line 350, col 16 to line 350, col 106 of module raftActionsSolution: 0
@!@!@ENDMSG 2221 @!@!@
@!@!@STARTMSG 2221:0 @!@!@
  line 351, col 16 to line 351, col 103 of module raftActionsSolution: 0
@!@!@ENDMSG 2221 @!@!@
@!@!@STARTMSG 2221:0 @!@!@
  line 30, col 15 to line 30, col 53 of module raftHelpers: 0
@!@!@ENDMSG 2221 @!@!@
@!@!@STARTMSG 2221:0 @!@!@
  line 354, col 8 to line 354, col 88 of module raftActionsSolution: 0
@!@!@ENDMSG 2221 @!@!@
@!@!@STARTMSG 2221:0 @!@!@
  line 67, col 85 to line 67, col 85 of module raftSpec: 25330
@!@!@ENDMSG 2221 @!@!@
@!@!@STARTMSG 2775:0 @!@!@
  line 65, col 24 to line 67, col 73 of module raftSpec: 13814:39144
@!@!@ENDMSG 2775 @!@!@
@!@!@STARTMSG 2221:0 @!@!@
  |line 66, col 24 to line 67, col 72 of module raftSpec: 25330
@!@!@ENDMSG 2221 @!@!@
@!@!@STARTMSG 2221:0 @!@!@
  |line 65, col 33 to line 65, col 54 of module raftSpec: 13814
@!@!@ENDMSG 2221 @!@!@
@!@!@STARTMSG 2775:0 @!@!@
  ||line 45, col 5 to line 45, col 43 of module raftHelpers: 13814:39144
@!@!@ENDMSG 2775 @!@!@
@!@!@STARTMSG 2221:0 @!@!@
  |||line 45, col 31 to line 45, col 41 of module raftHelpers: 64507
@!@!@ENDMSG 2221 @!@!@
@!@!@STARTMSG 2221:0 @!@!@
  |||line 45, col 13 to line 45, col 27 of module raftHelpers: 13814
@!@!@ENDMSG 2221 @!@!@
@!@!@STARTMSG 2221:0 @!@!@
  ||line 65, col 46 to line 65, col 53 of module raftSpec: 13798
@!@!@ENDMSG 2221 @!@!@
@!@!@STARTMSG 2772:0 @!@!@
<ClientMulticast line 129, col 1 to line 129, col 18 of module raftActionsSolution>: 108:585
@!@!@ENDMSG 2772 @!@!@
@!@!@STARTMSG 2221:0 @!@!@
  line 130, col 8 to line 130, col 31 of module raftActionsSolution: 585
@!@!@ENDMSG 2221 @!@!@
@!@!@STARTMSG 2221:0 @!@!@
  |line 130, col 8 to line 130, col 11 of module raftActionsSolution: 27645
@!@!@ENDMSG 2221 @!@!@
@!@!@STARTMSG 2221:0 @!@!@
  |line 130, col 15 to line 130, col 31 of module raftActionsSolution: 27645
@!@!@ENDMSG 2221 @!@!@
@!@!@STARTMSG 2221:0 @!@!@
  line 131, col 8 to line 131, col 72 of module raftActionsSolution: 585
@!@!@ENDMSG 2221 @!@!@
@!@!@STARTMSG 2221:0 @!@!@
  line 132, col 8 to line 132, col 23 of module raftActionsSolution: 585
@!@!@ENDMSG 2221 @!@!@
@!@!@STARTMSG 2221:0 @!@!@
  line 133, col 8 to line 134, col 67 of module raftActionsSolution: 585
@!@!@ENDMSG 2221 @!@!@
@!@!@STARTMSG 2772:0 @!@!@
<LeaderOrderRequest line 140, col 1 to line 140, col 24 of module raftActionsSolution>: 177:950
@!@!@ENDMSG 2772 @!@!@
@!@!@STARTMSG 2221:0 @!@!@
  line 141, col 8 to line 141, col 24 of module raftActionsSolution: 83869
@!@!@ENDMSG 2221 @!@!@
@!@!@STARTMSG 2221:0 @!@!@
  |line 141, col 8 to line 141, col 15 of module raftActionsSolution: 82919
@!@!@ENDMSG 2221 @!@!@
@!@!@STARTMSG 2221:0 @!@!@
  |line 141, col 19 to line 141, col 24 of module raftActionsSolution: 82919
@!@!@ENDMSG 2221 @!@!@
@!@!@STARTMSG 2221:0 @!@!@
  line 142, col 8 to line 142, col 31 of module raftActionsSolution: 28591
@!@!@ENDMSG 2221 @!@!@
@!@!@STARTMSG 2221:0 @!@!@
  |line 142, col 8 to line 142, col 8 of module raftActionsSolution: 27641
@!@!@ENDMSG 2221 @!@!@
@!@!@STARTMSG 2221:0 @!@!@
  |line 142, col 14 to line 142, col 31 of module raftActionsSolution: 27641
@!@!@ENDMSG 2221 @!@!@
@!@!@STARTMSG 2221:0 @!@!@
  line 151, col 12 to line 151, col 44 of module raftActionsSolution: 950
@!@!@ENDMSG 2221 @!@!@
@!@!@STARTMSG 2221:0 @!@!@
  |line 151, col 19 to line 151, col 44 of module raftActionsSolution: 950
@!@!@ENDMSG 2221 @!@!@
@!@!@STARTMSG 2221:0 @!@!@
  ||line 151, col 20 to line 151, col 22 of module raftActionsSolution: 950
@!@!@ENDMSG 2221 @!@!@
@!@!@STARTMSG 2221:0 @!@!@
  ||line 151, col 31 to line 151, col 43 of module raftActionsSolution: 950
@!@!@ENDMSG 2221 @!@!@
@!@!@STARTMSG 2221:0 @!@!@
  ||line 151, col 38 to line 151, col 43 of module raftActionsSolution: 950
@!@!@ENDMSG 2221 @!@!@
@!@!@STARTMSG 2221:0 @!@!@
  |||line 147, col 22 to line 147, col 77 of module raftActionsSolution: 950
@!@!@ENDMSG 2221 @!@!@
@!@!@STARTMSG 2221:0 @!@!@
  ||||line 147, col 25 to line 147, col 38 of module raftActionsSolution: 950
@!@!@ENDMSG 2221 @!@!@
@!@!@STARTMSG 2221:0 @!@!@
  |||||line 146, col 30 to line 146, col 77 of module raftActionsSolution: 950
@!@!@ENDMSG 2221 @!@!@
@!@!@STARTMSG 2221:0 @!@!@
  ||||||line 146, col 57 to line 146, col 77 of module raftActionsSolution: 943
@!@!@ENDMSG 2221 @!@!@
@!@!@STARTMSG 2221:0 @!@!@
  ||||||line 146, col 41 to line 146, col 53 of module raftActionsSolution: 950
@!@!@ENDMSG 2221 @!@!@
@!@!@STARTMSG 2221:0 @!@!@
  ||||line 147, col 45 to line 147, col 50 of module raftActionsSolution: 609
@!@!@ENDMSG 2221 @!@!@
@!@!@STARTMSG 2221:0 @!@!@
  ||||line 147, col 57 to line 147, col 77 of module raftActionsSolution: 341
@!@!@ENDMSG 2221 @!@!@
@!@!@STARTMSG 2221:0 @!@!@
  line 152, col 12 to line 152, col 86 of module raftActionsSolution: 950
@!@!@ENDMSG 2221 @!@!@
@!@!@STARTMSG 2221:0 @!@!@
  line 153, col 12 to line 157, col 35 of module raftActionsSolution: 950
@!@!@ENDMSG 2221 @!@!@
@!@!@STARTMSG 2221:0 @!@!@
  |line 154, col 15 to line 157, col 35 of module raftActionsSolution: 950
@!@!@ENDMSG 2221 @!@!@
@!@!@STARTMSG 2221:0 @!@!@
  ||line 154, col 18 to line 155, col 62 of module raftActionsSolution: 950
@!@!@ENDMSG 2221 @!@!@
@!@!@STARTMSG 2221:0 @!@!@
  |||line 154, col 21 to line 154, col 37 of module raftActionsSolution: 950
@!@!@ENDMSG 2221 @!@!@
@!@!@STARTMSG 2221:0 @!@!@
  ||||line 154, col 21 to line 154, col 33 of module raftActionsSolution: 950
@!@!@ENDMSG 2221 @!@!@
@!@!@STARTMSG 2221:0 @!@!@
  |||||line 148, col 29 to line 148, col 73 of module raftActionsSolution: 950
@!@!@ENDMSG 2221 @!@!@
@!@!@STARTMSG 2221:0 @!@!@
  ||||||line 148, col 32 to line 148, col 45 of module raftActionsSolution: 950
@!@!@ENDMSG 2221 @!@!@
@!@!@STARTMSG 2221:0 @!@!@
  |||||||line 146, col 30 to line 146, col 77 of module raftActionsSolution: 950
@!@!@ENDMSG 2221 @!@!@
@!@!@STARTMSG 2221:0 @!@!@
  ||||||||line 146, col 57 to line 146, col 77 of module raftActionsSolution: 943
@!@!@ENDMSG 2221 @!@!@
@!@!@STARTMSG 2221:0 @!@!@
  ||||||||line 146, col 41 to line 146, col 53 of module raftActionsSolution: 950
@!@!@ENDMSG 2221 @!@!@
@!@!@STARTMSG 2221:0 @!@!@
  ||||||line 148, col 59 to line 148, col 73 of module raftActionsSolution: 341
@!@!@ENDMSG 2221 @!@!@
@!@!@STARTMSG 2221:0 @!@!@
  |||line 155, col 21 to line 155, col 62 of module raftActionsSolution: 341
@!@!@ENDMSG 2221 @!@!@
@!@!@STARTMSG 2221:0 @!@!@
  ||||line 155, col 21 to line 155, col 31 of module raftActionsSolution: 341
@!@!@ENDMSG 2221 @!@!@
@!@!@STARTMSG 2221:0 @!@!@
  |||||line 149, col 27 to line 149, col 54 of module raftActionsSolution: 341
@!@!@ENDMSG 2221 @!@!@
@!@!@STARTMSG 2221:0 @!@!@
  ||||||line 149, col 29 to line 149, col 41 of module raftActionsSolution: 341
@!@!@ENDMSG 2221 @!@!@
@!@!@STARTMSG 2221:0 @!@!@
  |||||||line 148, col 29 to line 148, col 73 of module raftActionsSolution: 341
@!@!@ENDMSG 2221 @!@!@
@!@!@STARTMSG 2221:0 @!@!@
  ||||||||line 148, col 32 to line 148, col 45 of module raftActionsSolution: 341
@!@!@ENDMSG 2221 @!@!@
@!@!@STARTMSG 2221:0 @!@!@
  |||||||||line 146, col 30 to line 146, col 77 of module raftActionsSolution: 341
@!@!@ENDMSG 2221 @!@!@
@!@!@STARTMSG 2221:0 @!@!@
  ||||||||||line 146, col 57 to line 146, col 77 of module raftActionsSolution: 334
@!@!@ENDMSG 2221 @!@!@
@!@!@STARTMSG 2221:0 @!@!@
  ||||||||||line 146, col 41 to line 146, col 53 of module raftActionsSolution: 341
@!@!@ENDMSG 2221 @!@!@
@!@!@STARTMSG 2221:0 @!@!@
  ||||||||line 148, col 59 to line 148, col 73 of module raftActionsSolution: 341
@!@!@ENDMSG 2221 @!@!@
@!@!@STARTMSG 2221:0 @!@!@
  ||||||line 149, col 44 to line 149, col 52 of module raftActionsSolution: 341
@!@!@ENDMSG 2221 @!@!@
@!@!@STARTMSG 2221:0 @!@!@
  ||||line 155, col 40 to line 155, col 62 of module raftActionsSolution: 341
@!@!@ENDMSG 2221 @!@!@
@!@!@STARTMSG 2221:0 @!@!@
  ||line 156, col 20 to line 156, col 112 of module raftActionsSolution: 341
@!@!@ENDMSG 2221 @!@!@
@!@!@STARTMSG 2221:0 @!@!@
  |||line 156, col 20 to line 156, col 35 of module raftActionsSolution: 341
@!@!@ENDMSG 2221 @!@!@
@!@!@STARTMSG 2221:0 @!@!@
  |||line 156, col 41 to line 156, col 111 of module raftActionsSolution: 341
@!@!@ENDMSG 2221 @!@!@
@!@!@STARTMSG 2221:0 @!@!@
  ||||line 156, col 41 to line 156, col 51 of module raftActionsSolution: 341
@!@!@ENDMSG 2221 @!@!@
@!@!@STARTMSG 2221:0 @!@!@
  |||||line 149, col 27 to line 149, col 54 of module raftActionsSolution: 341
@!@!@ENDMSG 2221 @!@!@
@!@!@STARTMSG 2221:0 @!@!@
  ||||||line 149, col 29 to line 149, col 41 of module raftActionsSolution: 341
@!@!@ENDMSG 2221 @!@!@
@!@!@STARTMSG 2221:0 @!@!@
  |||||||line 148, col 29 to line 148, col 73 of module raftActionsSolution: 341
@!@!@ENDMSG 2221 @!@!@
@!@!@STARTMSG 2221:0 @!@!@
  ||||||||line 148, col 32 to line 148, col 45 of module raftActionsSolution: 341
@!@!@ENDMSG 2221 @!@!@
@!@!@STARTMSG 2221:0 @!@!@
  |||||||||line 146, col 30 to line 146, col 77 of module raftActionsSolution: 341
@!@!@ENDMSG 2221 @!@!@
@!@!@STARTMSG 2221:0 @!@!@
  ||||||||||line 146, col 57 to line 146, col 77 of module raftActionsSolution: 334
@!@!@ENDMSG 2221 @!@!@
@!@!@STARTMSG 2221:0 @!@!@
  ||||||||||line 146, col 41 to line 146, col 53 of module raftActionsSolution: 341
@!@!@ENDMSG 2221 @!@!@
@!@!@STARTMSG 2221:0 @!@!@
  ||||||||line 148, col 59 to line 148, col 73 of module raftActionsSolution: 341
@!@!@ENDMSG 2221 @!@!@
@!@!@STARTMSG 2221:0 @!@!@
  ||||||line 149, col 44 to line 149, col 52 of module raftActionsSolution: 341
@!@!@ENDMSG 2221 @!@!@
@!@!@STARTMSG 2221:0 @!@!@
  ||||line 156, col 56 to line 156, col 111 of module raftActionsSolution: 341
@!@!@ENDMSG 2221 @!@!@
@!@!@STARTMSG 2221:0 @!@!@
  ||line 157, col 20 to line 157, col 35 of module raftActionsSolution: 609
@!@!@ENDMSG 2221 @!@!@
@!@!@STARTMSG 2221:0 @!@!@
  line 158, col 12 to line 159, col 59 of module raftActionsSolution: 950
@!@!@ENDMSG 2221 @!@!@
@!@!@STARTMSG 2772:0 @!@!@
<AdvanceCommitIndex line 390, col 1 to line 390, col 21 of module raftActionsSolution>: 3287:13819
@!@!@ENDMSG 2772 @!@!@
@!@!@STARTMSG 2221:0 @!@!@
  line 391, col 8 to line 391, col 24 of module raftActionsSolution: 55274
@!@!@ENDMSG 2221 @!@!@
@!@!@STARTMSG 2221:0 @!@!@
  |line 391, col 8 to line 391, col 15 of module raftActionsSolution: 41455
@!@!@ENDMSG 2221 @!@!@
@!@!@STARTMSG 2221:0 @!@!@
  |line 391, col 19 to line 391, col 24 of module raftActionsSolution: 41455
@!@!@ENDMSG 2221 @!@!@
@!@!@STARTMSG 2221:0 @!@!@
  line 410, col 14 to line 410, col 70 of module raftActionsSolution: 13819
@!@!@ENDMSG 2221 @!@!@
@!@!@STARTMSG 2221:0 @!@!@
  |line 410, col 29 to line 410, col 70 of module raftActionsSolution: 13819
@!@!@ENDMSG 2221 @!@!@
@!@!@STARTMSG 2221:0 @!@!@
  ||line 410, col 30 to line 410, col 40 of module raftActionsSolution: 13819
@!@!@ENDMSG 2221 @!@!@
@!@!@STARTMSG 2221:0 @!@!@
  ||line 410, col 49 to line 410, col 69 of module raftActionsSolution: 13819
@!@!@ENDMSG 2221 @!@!@
@!@!@STARTMSG 2221:0 @!@!@
  ||line 410, col 56 to line 410, col 69 of module raftActionsSolution: 13819
@!@!@ENDMSG 2221 @!@!@
@!@!@STARTMSG 2221:0 @!@!@
  |||line 400, col 15 to line 405, col 32 of module raftActionsSolution: 13819
@!@!@ENDMSG 2221 @!@!@
@!@!@STARTMSG 2221:0 @!@!@
  ||||line 400, col 18 to line 401, col 67 of module raftActionsSolution: 13819
@!@!@ENDMSG 2221 @!@!@
@!@!@STARTMSG 2221:0 @!@!@
  |||||line 400, col 21 to line 400, col 38 of module raftActionsSolution: 13819
@!@!@ENDMSG 2221 @!@!@
@!@!@STARTMSG 2221:0 @!@!@
  ||||||line 400, col 21 to line 400, col 32 of module raftActionsSolution: 13819
@!@!@ENDMSG 2221 @!@!@
@!@!@STARTMSG 2221:0 @!@!@
  |||||||line 396, col 28 to line 397, col 56 of module raftActionsSolution: 13819
@!@!@ENDMSG 2221 @!@!@
@!@!@STARTMSG 2221:0 @!@!@
  ||||||||line 397, col 33 to line 397, col 55 of module raftActionsSolution: 25831
@!@!@ENDMSG 2221 @!@!@
@!@!@STARTMSG 2221:0 @!@!@
  |||||||||line 397, col 33 to line 397, col 44 of module raftActionsSolution: 25831
@!@!@ENDMSG 2221 @!@!@
@!@!@STARTMSG 2221:0 @!@!@
  ||||||||||line 393, col 28 to line 394, col 67 of module raftActionsSolution: 25831
@!@!@ENDMSG 2221 @!@!@
@!@!@STARTMSG 2221:0 @!@!@
  |||||||||||line 393, col 28 to line 393, col 30 of module raftActionsSolution: 25831
@!@!@ENDMSG 2221 @!@!@
@!@!@STARTMSG 2775:0 @!@!@
  |||||||||||line 393, col 37 to line 394, col 67 of module raftActionsSolution: 25831:41102
@!@!@ENDMSG 2775 @!@!@
@!@!@STARTMSG 2221:0 @!@!@
  ||||||||||||line 394, col 42 to line 394, col 66 of module raftActionsSolution: 77493
@!@!@ENDMSG 2221 @!@!@
@!@!@STARTMSG 2221:0 @!@!@
  ||||||||||||line 393, col 44 to line 393, col 49 of module raftActionsSolution: 25831
@!@!@ENDMSG 2221 @!@!@
@!@!@STARTMSG 2221:0 @!@!@
  ||||||||||line 397, col 39 to line 397, col 43 of module raftActionsSolution: 25831
@!@!@ENDMSG 2221 @!@!@
@!@!@STARTMSG 2221:0 @!@!@
  |||||||||line 397, col 50 to line 397, col 55 of module raftActionsSolution: 25831
@!@!@ENDMSG 2221 @!@!@
@!@!@STARTMSG 2221:0 @!@!@
  ||||||||line 396, col 39 to line 396, col 52 of module raftActionsSolution: 13819
@!@!@ENDMSG 2221 @!@!@
@!@!@STARTMSG 2221:0 @!@!@
  ||||||line 400, col 37 to line 400, col 38 of module raftActionsSolution: 13819
@!@!@ENDMSG 2221 @!@!@
@!@!@STARTMSG 2221:0 @!@!@
  |||||line 401, col 21 to line 401, col 67 of module raftActionsSolution: 12159
@!@!@ENDMSG 2221 @!@!@
@!@!@STARTMSG 2221:0 @!@!@
  ||||||line 401, col 21 to line 401, col 50 of module raftActionsSolution: 12159
@!@!@ENDMSG 2221 @!@!@
@!@!@STARTMSG 2221:0 @!@!@
  |||||||line 401, col 21 to line 401, col 45 of module raftActionsSolution: 12159
@!@!@ENDMSG 2221 @!@!@
@!@!@STARTMSG 2221:0 @!@!@
  ||||||||line 401, col 21 to line 401, col 26 of module raftActionsSolution: 12159
@!@!@ENDMSG 2221 @!@!@
@!@!@STARTMSG 2221:0 @!@!@
  ||||||||line 401, col 28 to line 401, col 44 of module raftActionsSolution: 12159
@!@!@ENDMSG 2221 @!@!@
@!@!@STARTMSG 2221:0 @!@!@
  |||||||||line 40, col 11 to line 40, col 46 of module raftHelpers: 12159
@!@!@ENDMSG 2221 @!@!@
@!@!@STARTMSG 2221:0 @!@!@
  ||||||||||line 40, col 28 to line 40, col 46 of module raftHelpers: 13597
@!@!@ENDMSG 2221 @!@!@
@!@!@STARTMSG 2221:0 @!@!@
  |||||||||||line 40, col 41 to line 40, col 46 of module raftHelpers: 16473
@!@!@ENDMSG 2221 @!@!@
@!@!@STARTMSG 2221:0 @!@!@
  |||||||||||line 40, col 37 to line 40, col 37 of module raftHelpers: 13597
@!@!@ENDMSG 2221 @!@!@
@!@!@STARTMSG 2221:0 @!@!@
  ||||||||||line 40, col 24 to line 40, col 24 of module raftHelpers: 12159
@!@!@ENDMSG 2221 @!@!@
@!@!@STARTMSG 2221:0 @!@!@
  |||||||||line 401, col 32 to line 401, col 43 of module raftActionsSolution: 12159
@!@!@ENDMSG 2221 @!@!@
@!@!@STARTMSG 2775:0 @!@!@
  ||||||||||line 396, col 28 to line 397, col 56 of module raftActionsSolution: 12159:43667
@!@!@ENDMSG 2775 @!@!@
@!@!@STARTMSG 2221:0 @!@!@
  |||||||||||line 397, col 33 to line 397, col 55 of module raftActionsSolution: 23212
@!@!@ENDMSG 2221 @!@!@
@!@!@STARTMSG 2221:0 @!@!@
  ||||||||||||line 397, col 33 to line 397, col 44 of module raftActionsSolution: 23212
@!@!@ENDMSG 2221 @!@!@
@!@!@STARTMSG 2221:0 @!@!@
  |||||||||||||line 393, col 28 to line 394, col 67 of module raftActionsSolution: 23212
@!@!@ENDMSG 2221 @!@!@
@!@!@STARTMSG 2221:0 @!@!@
  ||||||||||||||line 393, col 28 to line 393, col 30 of module raftActionsSolution: 23212
@!@!@ENDMSG 2221 @!@!@
@!@!@STARTMSG 2775:0 @!@!@
  ||||||||||||||line 393, col 37 to line 394, col 67 of module raftActionsSolution: 23212:38483
@!@!@ENDMSG 2775 @!@!@
@!@!@STARTMSG 2221:0 @!@!@
  |||||||||||||||line 394, col 42 to line 394, col 66 of module raftActionsSolution: 69636
@!@!@ENDMSG 2221 @!@!@
@!@!@STARTMSG 2221:0 @!@!@
  |||||||||||||||line 393, col 44 to line 393, col 49 of module raftActionsSolution: 23212
@!@!@ENDMSG 2221 @!@!@
@!@!@STARTMSG 2221:0 @!@!@
  |||||||||||||line 397, col 39 to line 397, col 43 of module raftActionsSolution: 23212
@!@!@ENDMSG 2221 @!@!@
@!@!@STARTMSG 2221:0 @!@!@
  ||||||||||||line 397, col 50 to line 397, col 55 of module raftActionsSolution: 23212
@!@!@ENDMSG 2221 @!@!@
@!@!@STARTMSG 2221:0 @!@!@
  |||||||||||line 396, col 39 to line 396, col 52 of module raftActionsSolution: 12159
@!@!@ENDMSG 2221 @!@!@
@!@!@STARTMSG 2221:0 @!@!@
  ||||||line 401, col 54 to line 401, col 67 of module raftActionsSolution: 12159
@!@!@ENDMSG 2221 @!@!@
@!@!@STARTMSG 2221:0 @!@!@
  ||||line 403, col 19 to line 403, col 35 of module raftActionsSolution: 12159
@!@!@ENDMSG 2221 @!@!@
@!@!@STARTMSG 2221:0 @!@!@
  |||||line 40, col 11 to line 40, col 46 of module raftHelpers: 12159
@!@!@ENDMSG 2221 @!@!@
@!@!@STARTMSG 2221:0 @!@!@
  ||||||line 40, col 28 to line 40, col 46 of module raftHelpers: 13597
@!@!@ENDMSG 2221 @!@!@
@!@!@STARTMSG 2221:0 @!@!@
  |||||||line 40, col 41 to line 40, col 46 of module raftHelpers: 16473
@!@!@ENDMSG 2221 @!@!@
@!@!@STARTMSG 2221:0 @!@!@
  |||||||line 40, col 37 to line 40, col 37 of module raftHelpers: 13597
@!@!@ENDMSG 2221 @!@!@
@!@!@STARTMSG 2221:0 @!@!@
  ||||||line 40, col 24 to line 40, col 24 of module raftHelpers: 12159
@!@!@ENDMSG 2221 @!@!@
@!@!@STARTMSG 2221:0 @!@!@
  |||||line 403, col 23 to line 403, col 34 of module raftActionsSolution: 12159
@!@!@ENDMSG 2221 @!@!@
@!@!@STARTMSG 2775:0 @!@!@
  ||||||line 396, col 28 to line 397, col 56 of module raftActionsSolution: 12159:43667
@!@!@ENDMSG 2775 @!@!@
@!@!@STARTMSG 2221:0 @!@!@
  |||||||line 397, col 33 to line 397, col 55 of module raftActionsSolution: 23212
@!@!@ENDMSG 2221 @!@!@
@!@!@STARTMSG 2221:0 @!@!@
  ||||||||line 397, col 33 to line 397, col 44 of module raftActionsSolution: 23212
@!@!@ENDMSG 2221 @!@!@
@!@!@STARTMSG 2221:0 @!@!@
  |||||||||line 393, col 28 to line 394, col 67 of module raftActionsSolution: 23212
@!@!@ENDMSG 2221 @!@!@
@!@!@STARTMSG 2221:0 @!@!@
  ||||||||||line 393, col 28 to line 393, col 30 of module raftActionsSolution: 23212
@!@!@ENDMSG 2221 @!@!@
@!@!@STARTMSG 2775:0 @!@!@
  ||||||||||line 393, col 37 to line 394, col 67 of module raftActionsSolution: 23212:38483
@!@!@ENDMSG 2775 @!@!@
@!@!@STARTMSG 2221:0 @!@!@
  |||||||||||line 394, col 42 to line 394, col 66 of module raftActionsSolution: 69636
@!@!@ENDMSG 2221 @!@!@
@!@!@STARTMSG 2221:0 @!@!@
  |||||||||||line 393, col 44 to line 393, col 49 of module raftActionsSolution: 23212
@!@!@ENDMSG 2221 @!@!@
@!@!@STARTMSG 2221:0 @!@!@
  |||||||||line 397, col 39 to line 397, col 43 of module raftActionsSolution: 23212
@!@!@ENDMSG 2221 @!@!@
@!@!@STARTMSG 2221:0 @!@!@
  ||||||||line 397, col 50 to line 397, col 55 of module raftActionsSolution: 23212
@!@!@ENDMSG 2221 @!@!@
@!@!@STARTMSG 2221:0 @!@!@
  |||||||line 396, col 39 to line 396, col 52 of module raftActionsSolution: 12159
@!@!@ENDMSG 2221 @!@!@
@!@!@STARTMSG 2221:0 @!@!@
  ||||line 405, col 19 to line 405, col 32 of module raftActionsSolution: 1660
@!@!@ENDMSG 2221 @!@!@
@!@!@STARTMSG 2221:0 @!@!@
  line 412, col 14 to line 416, col 47 of module raftActionsSolution: 13819
@!@!@ENDMSG 2221 @!@!@
@!@!@STARTMSG 2221:0 @!@!@
  line 417, col 8 to line 417, col 126 of module raftActionsSolution: 13819
@!@!@ENDMSG 2221 @!@!@
@!@!@STARTMSG 2774:0 @!@!@
<MoreThanOneLeaderInv line 83, col 1 to line 83, col 20 of module raftSpec>
@!@!@ENDMSG 2774 @!@!@
@!@!@STARTMSG 2221:0 @!@!@
  line 84, col 5 to line 88, col 16 of module raftSpec: 24984
@!@!@ENDMSG 2221 @!@!@
@!@!@STARTMSG 2221:0 @!@!@
  |line 85, col 9 to line 88, col 16 of module raftSpec: 224856
@!@!@ENDMSG 2221 @!@!@
@!@!@STARTMSG 2221:0 @!@!@
  ||line 85, col 10 to line 87, col 29 of module raftSpec: 224856
@!@!@ENDMSG 2221 @!@!@
@!@!@STARTMSG 2221:0 @!@!@
  |||line 85, col 13 to line 85, col 43 of module raftSpec: 224856
@!@!@ENDMSG 2221 @!@!@
@!@!@STARTMSG 2221:0 @!@!@
  |||line 86, col 13 to line 86, col 29 of module raftSpec: 224856
@!@!@ENDMSG 2221 @!@!@
@!@!@STARTMSG 2221:0 @!@!@
  |||line 87, col 13 to line 87, col 29 of module raftSpec: 74952
@!@!@ENDMSG 2221 @!@!@
@!@!@STARTMSG 2221:0 @!@!@
  ||line 88, col 12 to line 88, col 16 of module raftSpec: 24984
@!@!@ENDMSG 2221 @!@!@
@!@!@STARTMSG 2221:0 @!@!@
  |line 84, col 16 to line 84, col 21 of module raftSpec: 24984
@!@!@ENDMSG 2221 @!@!@
@!@!@STARTMSG 2774:0 @!@!@
<LogMatchingInv line 92, col 1 to line 92, col 14 of module raftSpec>
@!@!@ENDMSG 2774 @!@!@
@!@!@STARTMSG 2221:0 @!@!@
  line 93, col 5 to line 96, col 51 of module raftSpec: 24984
@!@!@ENDMSG 2221 @!@!@
@!@!@STARTMSG 2221:0 @!@!@
  |line 93, col 26 to line 96, col 51 of module raftSpec: 224856
@!@!@ENDMSG 2221 @!@!@
@!@!@STARTMSG 2221:0 @!@!@
  ||line 93, col 26 to line 93, col 31 of module raftSpec: 224856
@!@!@ENDMSG 2221 @!@!@
@!@!@STARTMSG 2221:0 @!@!@
  ||line 94, col 9 to line 96, col 51 of module raftSpec: 149904
@!@!@ENDMSG 2221 @!@!@
@!@!@STARTMSG 2221:0 @!@!@
  |||line 95, col 13 to line 96, col 51 of module raftSpec: 113514
@!@!@ENDMSG 2221 @!@!@
@!@!@STARTMSG 2221:0 @!@!@
  |||line 94, col 18 to line 94, col 49 of module raftSpec: 149904
@!@!@ENDMSG 2221 @!@!@
@!@!@STARTMSG 2221:0 @!@!@
  ||||line 94, col 21 to line 94, col 49 of module raftSpec: 149904
@!@!@ENDMSG 2221 @!@!@
@!@!@STARTMSG 2221:0 @!@!@
  |||||line 42, col 14 to line 42, col 35 of module raftHelpers: 149904
@!@!@ENDMSG 2221 @!@!@
@!@!@STARTMSG 2221:0 @!@!@
  ||||||line 42, col 17 to line 42, col 21 of module raftHelpers: 149904
@!@!@ENDMSG 2221 @!@!@
@!@!@STARTMSG 2221:0 @!@!@
  ||||||line 42, col 28 to line 42, col 28 of module raftHelpers: 54174
@!@!@ENDMSG 2221 @!@!@
@!@!@STARTMSG 2221:0 @!@!@
  ||||||line 42, col 35 to line 42, col 35 of module raftHelpers: 95730
@!@!@ENDMSG 2221 @!@!@
@!@!@STARTMSG 2221:0 @!@!@
  |||||line 94, col 25 to line 94, col 35 of module raftSpec: 149904
@!@!@ENDMSG 2221 @!@!@
@!@!@STARTMSG 2221:0 @!@!@
  |||||line 94, col 38 to line 94, col 48 of module raftSpec: 149904
@!@!@ENDMSG 2221 @!@!@
@!@!@STARTMSG 2221:0 @!@!@
  |line 93, col 17 to line 93, col 22 of module raftSpec: 24984
@!@!@ENDMSG 2221 @!@!@
@!@!@STARTMSG 2774:0 @!@!@
<LeaderCompletenessInv line 100, col 1 to line 100, col 21 of module raftSpec>
@!@!@ENDMSG 2774 @!@!@
@!@!@STARTMSG 2221:0 @!@!@
  line 101, col 5 to line 104, col 72 of module raftSpec: 24984
@!@!@ENDMSG 2221 @!@!@
@!@!@STARTMSG 2221:0 @!@!@
  |line 102, col 9 to line 104, col 72 of module raftSpec: 74952
@!@!@ENDMSG 2221 @!@!@
@!@!@STARTMSG 2221:0 @!@!@
  ||line 102, col 9 to line 102, col 25 of module raftSpec: 74952
@!@!@ENDMSG 2221 @!@!@
@!@!@STARTMSG 2221:0 @!@!@
  ||line 103, col 9 to line 104, col 72 of module raftSpec: 24984
@!@!@ENDMSG 2221 @!@!@
@!@!@STARTMSG 2221:0 @!@!@
  |||line 103, col 27 to line 104, col 72 of module raftSpec: 74952
@!@!@ENDMSG 2221 @!@!@
@!@!@STARTMSG 2221:0 @!@!@
  ||||line 103, col 27 to line 103, col 32 of module raftSpec: 74952
@!@!@ENDMSG 2221 @!@!@
@!@!@STARTMSG 2221:0 @!@!@
  ||||line 104, col 13 to line 104, col 72 of module raftSpec: 49968
@!@!@ENDMSG 2221 @!@!@
@!@!@STARTMSG 2221:0 @!@!@
  |||||line 62, col 5 to line 63, col 48 of module raftHelpers: 49968
@!@!@ENDMSG 2221 @!@!@
@!@!@STARTMSG 2221:0 @!@!@
  ||||||line 62, col 8 to line 62, col 29 of module raftHelpers: 49968
@!@!@ENDMSG 2221 @!@!@
@!@!@STARTMSG 2221:0 @!@!@
  ||||||line 63, col 8 to line 63, col 48 of module raftHelpers: 49968
@!@!@ENDMSG 2221 @!@!@
@!@!@STARTMSG 2221:0 @!@!@
  |||||||line 63, col 32 to line 63, col 48 of module raftHelpers: 3598
@!@!@ENDMSG 2221 @!@!@
@!@!@STARTMSG 2221:0 @!@!@
  |||||||line 63, col 17 to line 63, col 28 of module raftHelpers: 49968
@!@!@ENDMSG 2221 @!@!@
@!@!@STARTMSG 2221:0 @!@!@
  |||||line 104, col 27 to line 104, col 64 of module raftSpec: 49968
@!@!@ENDMSG 2221 @!@!@
@!@!@STARTMSG 2221:0 @!@!@
  ||||||line 50, col 5 to line 59, col 14 of module raftHelpers: 49968
@!@!@ENDMSG 2221 @!@!@
@!@!@STARTMSG 2221:0 @!@!@
  |||||||line 50, col 8 to line 50, col 71 of module raftHelpers: 49968
@!@!@ENDMSG 2221 @!@!@
@!@!@STARTMSG 2221:0 @!@!@
  ||||||||line 50, col 8 to line 50, col 23 of module raftHelpers: 49968
@!@!@ENDMSG 2221 @!@!@
@!@!@STARTMSG 2221:0 @!@!@
  ||||||||line 50, col 28 to line 50, col 71 of module raftHelpers: 35512
@!@!@ENDMSG 2221 @!@!@
@!@!@STARTMSG 2221:0 @!@!@
  |||||||line 54, col 11 to line 56, col 70 of module raftHelpers: 35512
@!@!@ENDMSG 2221 @!@!@
@!@!@STARTMSG 2221:0 @!@!@
  ||||||||line 55, col 13 to line 56, col 70 of module raftHelpers: 45679
@!@!@ENDMSG 2221 @!@!@
@!@!@STARTMSG 2221:0 @!@!@
  |||||||||line 55, col 16 to line 55, col 34 of module raftHelpers: 45679
@!@!@ENDMSG 2221 @!@!@
@!@!@STARTMSG 2221:0 @!@!@
  |||||||||line 56, col 16 to line 56, col 70 of module raftHelpers: 45679
@!@!@ENDMSG 2221 @!@!@
@!@!@STARTMSG 2221:0 @!@!@
  ||||||||||line 56, col 41 to line 56, col 70 of module raftHelpers: 66013
@!@!@ENDMSG 2221 @!@!@
@!@!@STARTMSG 2221:0 @!@!@
  ||||||||||line 56, col 25 to line 56, col 37 of module raftHelpers: 45679
@!@!@ENDMSG 2221 @!@!@
@!@!@STARTMSG 2221:0 @!@!@
  ||||||||line 54, col 24 to line 54, col 36 of module raftHelpers: 35512
@!@!@ENDMSG 2221 @!@!@
@!@!@STARTMSG 2221:0 @!@!@
  |||||||line 57, col 10 to line 57, col 61 of module raftHelpers: 35512
@!@!@ENDMSG 2221 @!@!@
@!@!@STARTMSG 2221:0 @!@!@
  |||||||line 59, col 10 to line 59, col 14 of module raftHelpers: 14456
@!@!@ENDMSG 2221 @!@!@
@!@!@STARTMSG 2221:0 @!@!@
  ||||||line 104, col 47 to line 104, col 47 of module raftSpec: 49968
@!@!@ENDMSG 2221 @!@!@
@!@!@STARTMSG 2221:0 @!@!@
  ||||||line 104, col 50 to line 104, col 63 of module raftSpec: 35512
@!@!@ENDMSG 2221 @!@!@
@!@!@STARTMSG 2221:0 @!@!@
  |||||line 104, col 66 to line 104, col 71 of module raftSpec: 49968
@!@!@ENDMSG 2221 @!@!@
@!@!@STARTMSG 2221:0 @!@!@
  |||line 103, col 18 to line 103, col 23 of module raftSpec: 24984
@!@!@ENDMSG 2221 @!@!@
@!@!@STARTMSG 2221:0 @!@!@
  |line 101, col 14 to line 101, col 19 of module raftSpec: 24984
@!@!@ENDMSG 2221 @!@!@
@!@!@STARTMSG 2774:0 @!@!@
<LogInv line 108, col 1 to line 108, col 6 of module raftSpec>
@!@!@ENDMSG 2774 @!@!@
@!@!@STARTMSG 2221:0 @!@!@
  line 109, col 5 to line 111, col 51 of module raftSpec: 24984
@!@!@ENDMSG 2221 @!@!@
@!@!@STARTMSG 2221:0 @!@!@
  |line 110, col 9 to line 111, col 51 of module raftSpec: 224856
@!@!@ENDMSG 2221 @!@!@
@!@!@STARTMSG 2221:0 @!@!@
  ||line 110, col 12 to line 110, col 51 of module raftSpec: 224856
@!@!@ENDMSG 2221 @!@!@
@!@!@STARTMSG 2221:0 @!@!@
  |||line 62, col 5 to line 63, col 48 of module raftHelpers: 224856
@!@!@ENDMSG 2221 @!@!@
@!@!@STARTMSG 2221:0 @!@!@
  ||||line 62, col 8 to line 62, col 29 of module raftHelpers: 224856
@!@!@ENDMSG 2221 @!@!@
@!@!@STARTMSG 2221:0 @!@!@
  ||||line 63, col 8 to line 63, col 48 of module raftHelpers: 192814
@!@!@ENDMSG 2221 @!@!@
@!@!@STARTMSG 2221:0 @!@!@
  |||||line 63, col 32 to line 63, col 48 of module raftHelpers: 27340
@!@!@ENDMSG 2221 @!@!@
@!@!@STARTMSG 2221:0 @!@!@
  |||||line 63, col 17 to line 63, col 28 of module raftHelpers: 192814
@!@!@ENDMSG 2221 @!@!@
@!@!@STARTMSG 2221:0 @!@!@
  |||line 110, col 26 to line 110, col 37 of module raftSpec: 224856
@!@!@ENDMSG 2221 @!@!@
@!@!@STARTMSG 2221:0 @!@!@
  ||||line 67, col 5 to line 69, col 40 of module raftHelpers: 224856
@!@!@ENDMSG 2221 @!@!@
@!@!@STARTMSG 2221:0 @!@!@
  |||||line 67, col 8 to line 67, col 25 of module raftHelpers: 224856
@!@!@ENDMSG 2221 @!@!@
@!@!@STARTMSG 2221:0 @!@!@
  |||||line 68, col 10 to line 68, col 14 of module raftHelpers: 166491
@!@!@ENDMSG 2221 @!@!@
@!@!@STARTMSG 2221:0 @!@!@
  |||||line 69, col 10 to line 69, col 40 of module raftHelpers: 58365
@!@!@ENDMSG 2221 @!@!@
@!@!@STARTMSG 2221:0 @!@!@
  ||||line 110, col 36 to line 110, col 36 of module raftSpec: 224856
@!@!@ENDMSG 2221 @!@!@
@!@!@STARTMSG 2221:0 @!@!@
  |||line 110, col 39 to line 110, col 50 of module raftSpec: 224856
@!@!@ENDMSG 2221 @!@!@
@!@!@STARTMSG 2221:0 @!@!@
  ||||line 67, col 5 to line 69, col 40 of module raftHelpers: 224856
@!@!@ENDMSG 2221 @!@!@
@!@!@STARTMSG 2221:0 @!@!@
  |||||line 67, col 8 to line 67, col 25 of module raftHelpers: 224856
@!@!@ENDMSG 2221 @!@!@
@!@!@STARTMSG 2221:0 @!@!@
  |||||line 68, col 10 to line 68, col 14 of module raftHelpers: 166491
@!@!@ENDMSG 2221 @!@!@
@!@!@STARTMSG 2221:0 @!@!@
  |||||line 69, col 10 to line 69, col 40 of module raftHelpers: 58365
@!@!@ENDMSG 2221 @!@!@
@!@!@STARTMSG 2221:0 @!@!@
  ||||line 110, col 49 to line 110, col 49 of module raftSpec: 224856
@!@!@ENDMSG 2221 @!@!@
@!@!@STARTMSG 2221:0 @!@!@
  ||line 111, col 12 to line 111, col 51 of module raftSpec: 32042
@!@!@ENDMSG 2221 @!@!@
@!@!@STARTMSG 2221:0 @!@!@
  |||line 62, col 5 to line 63, col 48 of module raftHelpers: 32042
@!@!@ENDMSG 2221 @!@!@
@!@!@STARTMSG 2221:0 @!@!@
  ||||line 62, col 8 to line 62, col 29 of module raftHelpers: 32042
@!@!@ENDMSG 2221 @!@!@
@!@!@STARTMSG 2221:0 @!@!@
  ||||line 63, col 8 to line 63, col 48 of module raftHelpers: 32042
@!@!@ENDMSG 2221 @!@!@
@!@!@STARTMSG 2221:0 @!@!@
  |||||line 63, col 32 to line 63, col 48 of module raftHelpers: 334
@!@!@ENDMSG 2221 @!@!@
@!@!@STARTMSG 2221:0 @!@!@
  |||||line 63, col 17 to line 63, col 28 of module raftHelpers: 32042
@!@!@ENDMSG 2221 @!@!@
@!@!@STARTMSG 2221:0 @!@!@
  |||line 111, col 26 to line 111, col 37 of module raftSpec: 32042
@!@!@ENDMSG 2221 @!@!@
@!@!@STARTMSG 2221:0 @!@!@
  ||||line 67, col 5 to line 69, col 40 of module raftHelpers: 32042
@!@!@ENDMSG 2221 @!@!@
@!@!@STARTMSG 2221:0 @!@!@
  |||||line 67, col 8 to line 67, col 25 of module raftHelpers: 32042
@!@!@ENDMSG 2221 @!@!@
@!@!@STARTMSG 2221:0 @!@!@
  |||||line 68, col 10 to line 68, col 14 of module raftHelpers: 31708
@!@!@ENDMSG 2221 @!@!@
@!@!@STARTMSG 2221:0 @!@!@
  |||||line 69, col 10 to line 69, col 40 of module raftHelpers: 334
@!@!@ENDMSG 2221 @!@!@
@!@!@STARTMSG 2221:0 @!@!@
  ||||line 111, col 36 to line 111, col 36 of module raftSpec: 32042
@!@!@ENDMSG 2221 @!@!@
@!@!@STARTMSG 2221:0 @!@!@
  |||line 111, col 39 to line 111, col 50 of module raftSpec: 32042
@!@!@ENDMSG 2221 @!@!@
@!@!@STARTMSG 2221:0 @!@!@
  |line 109, col 17 to line 109, col 22 of module raftSpec: 24984
@!@!@ENDMSG 2221 @!@!@
@!@!@STARTMSG 2774:0 @!@!@
<LeaderCommitted line 42, col 1 to line 42, col 15 of module raftModelPerf>
@!@!@ENDMSG 2774 @!@!@
@!@!@STARTMSG 2221:0 @!@!@
  line 43, col 5 to line 43, col 41 of module raftModelPerf: 24984
@!@!@ENDMSG 2221 @!@!@
@!@!@STARTMSG 2221:0 @!@!@
  |line 43, col 23 to line 43, col 41 of module raftModelPerf: 41457
@!@!@ENDMSG 2221 @!@!@
@!@!@STARTMSG 2221:0 @!@!@
  |line 43, col 14 to line 43, col 19 of module raftModelPerf: 24984
@!@!@ENDMSG 2221 @!@!@
@!@!@STARTMSG 2774:0 @!@!@
<MaxCInv line 8, col 1 to line 8, col 7 of module raftModelPerf>
@!@!@ENDMSG 2774 @!@!@
@!@!@STARTMSG 2221:0 @!@!@
  line 8, col 12 to line 8, col 77 of module raftModelPerf: 24981
@!@!@ENDMSG 2221 @!@!@
@!@!@STARTMSG 2774:0 @!@!@
<LeaderCountInv line 11, col 1 to line 11, col 14 of module raftModelPerf>
@!@!@ENDMSG 2774 @!@!@
@!@!@STARTMSG 2221:0 @!@!@
  line 11, col 19 to line 11, col 92 of module raftModelPerf: 24981
@!@!@ENDMSG 2221 @!@!@
@!@!@STARTMSG 2774:0 @!@!@
<MaxTermInv line 14, col 1 to line 14, col 10 of module raftModelPerf>
@!@!@ENDMSG 2774 @!@!@
@!@!@STARTMSG 2221:0 @!@!@
  line 14, col 15 to line 14, col 57 of module raftModelPerf: 24981
@!@!@ENDMSG 2221 @!@!@
@!@!@STARTMSG 2221:0 @!@!@
  |line 14, col 33 to line 14, col 57 of module raftModelPerf: 74943
@!@!@ENDMSG 2221 @!@!@
@!@!@STARTMSG 2221:0 @!@!@
  |line 14, col 24 to line 14, col 29 of module raftModelPerf: 24981
@!@!@ENDMSG 2221 @!@!@
@!@!@STARTMSG 2774:0 @!@!@
<EntryCommitMessageCountInv line 21, col 1 to line 21, col 26 of module raftModelPerf>
@!@!@ENDMSG 2774 @!@!@
@!@!@STARTMSG 2221:0 @!@!@
  line 22, col 25 to line 22, col 47 of module raftModelPerf: 15854
@!@!@ENDMSG 2221 @!@!@
@!@!@STARTMSG 2221:0 @!@!@
  line 23, col 36 to line 23, col 61 of module raftModelPerf: 15854
@!@!@ENDMSG 2221 @!@!@
@!@!@STARTMSG 2221:0 @!@!@
  line 24, col 8 to line 29, col 20 of module raftModelPerf: 24981
@!@!@ENDMSG 2221 @!@!@
@!@!@STARTMSG 2221:0 @!@!@
  |line 25, col 22 to line 25, col 42 of module raftModelPerf: 47824
@!@!@ENDMSG 2221 @!@!@
@!@!@STARTMSG 2221:0 @!@!@
  |line 26, col 12 to line 29, col 20 of module raftModelPerf: 47824
@!@!@ENDMSG 2221 @!@!@
@!@!@STARTMSG 2221:0 @!@!@
  ||line 26, col 15 to line 26, col 29 of module raftModelPerf: 47824
@!@!@ENDMSG 2221 @!@!@
@!@!@STARTMSG 2221:0 @!@!@
  ||line 27, col 17 to line 28, col 96 of module raftModelPerf: 16871
@!@!@ENDMSG 2221 @!@!@
@!@!@STARTMSG 2221:0 @!@!@
  |||line 27, col 18 to line 27, col 94 of module raftModelPerf: 16871
@!@!@ENDMSG 2221 @!@!@
@!@!@STARTMSG 2221:0 @!@!@
  |||line 28, col 21 to line 28, col 95 of module raftModelPerf: 8890
@!@!@ENDMSG 2221 @!@!@
@!@!@STARTMSG 2221:0 @!@!@
  ||line 29, col 17 to line 29, col 20 of module raftModelPerf: 30953
@!@!@ENDMSG 2221 @!@!@
@!@!@STARTMSG 2221:0 @!@!@
  |line 24, col 19 to line 24, col 41 of module raftModelPerf: 24981
@!@!@ENDMSG 2221 @!@!@
@!@!@STARTMSG 2202:0 @!@!@
End of statistics.
@!@!@ENDMSG 2202 @!@!@
@!@!@STARTMSG 2200:0 @!@!@
Progress(16) at 2025-04-13 00:12:33: 65,539 states generated (529,394 s/min), 24,984 distinct states found (201,809 ds/min), 11,173 states left on queue.
@!@!@ENDMSG 2200 @!@!@
@!@!@STARTMSG 2199:0 @!@!@
65539 states generated, 24984 distinct states found, 11173 states left on queue.
@!@!@ENDMSG 2199 @!@!@
@!@!@STARTMSG 2194:0 @!@!@
The depth of the complete state graph search is 16.
@!@!@ENDMSG 2194 @!@!@
@!@!@STARTMSG 2268:0 @!@!@
The average outdegree of the complete state graph is 2 (minimum is 0, the maximum 6 and the 95th percentile is 4).
@!@!@ENDMSG 2268 @!@!@
@!@!@STARTMSG 2186:0 @!@!@
Finished in 7462ms at (2025-04-13 00:12:33)
@!@!@ENDMSG 2186 @!@!@
